mode: set
github.com/pablogore/devforge/internal/adapters/clock/clock.go:13.33,15.2 1 1
github.com/pablogore/devforge/internal/adapters/clock/clock.go:18.34,20.2 1 1
github.com/pablogore/devforge/internal/adapters/clock/clock.go:23.51,25.2 1 1
github.com/pablogore/devforge/internal/adapters/env/env_provider.go:13.41,15.2 1 1
github.com/pablogore/devforge/internal/adapters/env/env_provider.go:18.43,20.2 1 1
github.com/pablogore/devforge/internal/coverage/coverage.go:23.56,24.24 1 1
github.com/pablogore/devforge/internal/coverage/coverage.go:24.24,26.3 1 1
github.com/pablogore/devforge/internal/coverage/coverage.go:27.2,27.29 1 1
github.com/pablogore/devforge/internal/coverage/coverage.go:27.29,28.15 1 1
github.com/pablogore/devforge/internal/coverage/coverage.go:28.15,30.4 1 1
github.com/pablogore/devforge/internal/coverage/coverage.go:32.2,32.12 1 1
github.com/pablogore/devforge/internal/coverage/coverage.go:40.129,41.59 1 1
github.com/pablogore/devforge/internal/coverage/coverage.go:41.59,43.3 1 1
github.com/pablogore/devforge/internal/coverage/coverage.go:44.2,45.16 2 1
github.com/pablogore/devforge/internal/coverage/coverage.go:45.16,47.3 1 1
github.com/pablogore/devforge/internal/coverage/coverage.go:48.2,48.46 1 1
github.com/pablogore/devforge/internal/coverage/coverage.go:48.46,50.3 1 1
github.com/pablogore/devforge/internal/coverage/coverage.go:51.2,52.26 2 1
github.com/pablogore/devforge/internal/coverage/coverage.go:52.26,53.32 1 1
github.com/pablogore/devforge/internal/coverage/coverage.go:53.32,54.30 1 1
github.com/pablogore/devforge/internal/coverage/coverage.go:54.30,56.10 2 1
github.com/pablogore/devforge/internal/coverage/coverage.go:60.2,60.17 1 1
github.com/pablogore/devforge/internal/coverage/coverage.go:64.105,66.16 2 1
github.com/pablogore/devforge/internal/coverage/coverage.go:66.16,68.3 1 1
github.com/pablogore/devforge/internal/coverage/coverage.go:69.2,71.29 3 1
github.com/pablogore/devforge/internal/coverage/coverage.go:71.29,73.17 2 1
github.com/pablogore/devforge/internal/coverage/coverage.go:73.17,74.12 1 1
github.com/pablogore/devforge/internal/coverage/coverage.go:76.3,76.28 1 1
github.com/pablogore/devforge/internal/coverage/coverage.go:76.28,77.12 1 1
github.com/pablogore/devforge/internal/coverage/coverage.go:79.3,79.28 1 1
github.com/pablogore/devforge/internal/coverage/coverage.go:81.2,81.18 1 1
github.com/pablogore/devforge/internal/coverage/coverage.go:84.46,86.26 2 1
github.com/pablogore/devforge/internal/coverage/coverage.go:86.26,87.26 1 1
github.com/pablogore/devforge/internal/coverage/coverage.go:87.26,89.4 1 1
github.com/pablogore/devforge/internal/coverage/coverage.go:91.2,91.14 1 1
github.com/pablogore/devforge/internal/coverage/coverage.go:96.45,97.37 1 1
github.com/pablogore/devforge/internal/coverage/coverage.go:97.37,98.21 1 1
github.com/pablogore/devforge/internal/coverage/coverage.go:98.21,100.4 1 1
github.com/pablogore/devforge/internal/coverage/coverage.go:102.3,102.80 1 1
github.com/pablogore/devforge/internal/coverage/coverage.go:105.2,106.53 2 1
github.com/pablogore/devforge/internal/coverage/coverage.go:106.53,108.3 1 1
github.com/pablogore/devforge/internal/coverage/coverage.go:109.2,110.51 2 1
github.com/pablogore/devforge/internal/coverage/coverage.go:110.51,111.46 1 1
github.com/pablogore/devforge/internal/coverage/coverage.go:111.46,115.4 3 1
github.com/pablogore/devforge/internal/coverage/coverage.go:117.2,117.14 1 1
github.com/pablogore/devforge/internal/coverage/coverage.go:122.50,124.2 1 1
github.com/pablogore/devforge/internal/config/config.go:49.61,52.2 2 1
github.com/pablogore/devforge/internal/config/config.go:64.56,66.41 2 1
github.com/pablogore/devforge/internal/config/config.go:66.41,68.3 1 1
github.com/pablogore/devforge/internal/config/config.go:69.2,75.44 7 1
github.com/pablogore/devforge/internal/config/config.go:75.44,77.3 1 1
github.com/pablogore/devforge/internal/config/config.go:78.2,78.26 1 1
github.com/pablogore/devforge/internal/config/config.go:79.25,80.40 1 1
github.com/pablogore/devforge/internal/config/config.go:81.24,82.45 1 1
github.com/pablogore/devforge/internal/config/config.go:83.10,84.13 1 1
github.com/pablogore/devforge/internal/config/config.go:106.67,108.43 2 1
github.com/pablogore/devforge/internal/config/config.go:108.43,110.3 1 1
github.com/pablogore/devforge/internal/config/config.go:111.2,113.24 3 1
github.com/pablogore/devforge/internal/config/config.go:113.24,114.21 1 1
github.com/pablogore/devforge/internal/config/config.go:114.21,115.29 1 1
github.com/pablogore/devforge/internal/config/config.go:115.29,117.5 1 1
github.com/pablogore/devforge/internal/config/config.go:118.4,118.12 1 1
github.com/pablogore/devforge/internal/config/config.go:120.3,120.18 1 1
github.com/pablogore/devforge/internal/config/config.go:122.2,122.12 1 1
github.com/pablogore/devforge/internal/config/loader.go:17.30,24.2 1 1
github.com/pablogore/devforge/internal/config/loader.go:31.50,32.20 1 1
github.com/pablogore/devforge/internal/config/loader.go:32.20,34.17 2 1
github.com/pablogore/devforge/internal/config/loader.go:34.17,36.4 1 0
github.com/pablogore/devforge/internal/config/loader.go:37.3,37.16 1 1
github.com/pablogore/devforge/internal/config/loader.go:39.2,42.16 3 1
github.com/pablogore/devforge/internal/config/loader.go:42.16,43.25 1 1
github.com/pablogore/devforge/internal/config/loader.go:43.25,45.4 1 1
github.com/pablogore/devforge/internal/config/loader.go:46.3,46.18 1 1
github.com/pablogore/devforge/internal/config/loader.go:48.2,51.49 3 1
github.com/pablogore/devforge/internal/config/loader.go:51.49,53.3 1 1
github.com/pablogore/devforge/internal/config/loader.go:54.2,55.16 2 1
github.com/pablogore/devforge/internal/config/loader.go:58.31,59.18 1 1
github.com/pablogore/devforge/internal/config/loader.go:59.18,61.3 1 1
github.com/pablogore/devforge/internal/config/loader.go:62.2,62.22 1 1
github.com/pablogore/devforge/internal/config/loader.go:62.22,64.3 1 1
github.com/pablogore/devforge/internal/config/loader.go:65.2,65.27 1 1
github.com/pablogore/devforge/internal/config/loader.go:65.27,67.3 1 1
github.com/pablogore/devforge/internal/adapters/exec/command_runner.go:16.45,18.2 1 1
github.com/pablogore/devforge/internal/adapters/exec/command_runner.go:21.107,26.16 4 1
github.com/pablogore/devforge/internal/adapters/exec/command_runner.go:26.16,28.3 1 1
github.com/pablogore/devforge/internal/adapters/exec/command_runner.go:29.2,29.25 1 1
github.com/pablogore/devforge/internal/adapters/exec/command_runner.go:33.121,35.2 1 1
github.com/pablogore/devforge/internal/adapters/exec/command_runner.go:38.142,42.16 3 1
github.com/pablogore/devforge/internal/adapters/exec/command_runner.go:42.16,44.3 1 1
github.com/pablogore/devforge/internal/adapters/exec/command_runner.go:44.8,46.3 1 1
github.com/pablogore/devforge/internal/adapters/exec/command_runner.go:47.2,48.16 2 1
github.com/pablogore/devforge/internal/adapters/exec/command_runner.go:48.16,50.3 1 1
github.com/pablogore/devforge/internal/adapters/exec/command_runner.go:51.2,51.25 1 1
github.com/pablogore/devforge/internal/detection/repository.go:18.31,21.2 2 1
github.com/pablogore/devforge/internal/detection/repository.go:26.43,27.46 1 1
github.com/pablogore/devforge/internal/detection/repository.go:27.46,28.44 1 1
github.com/pablogore/devforge/internal/detection/repository.go:28.44,30.4 1 1
github.com/pablogore/devforge/internal/detection/repository.go:31.3,31.27 1 1
github.com/pablogore/devforge/internal/detection/repository.go:33.2,33.26 1 1
github.com/pablogore/devforge/internal/plugins/discovery.go:14.26,19.50 1 1
github.com/pablogore/devforge/internal/plugins/discovery.go:19.50,21.3 1 1
github.com/pablogore/devforge/internal/plugins/discovery.go:22.2,23.19 2 1
github.com/pablogore/devforge/internal/plugins/discovery.go:23.19,25.3 1 1
github.com/pablogore/devforge/internal/plugins/discovery.go:26.2,29.26 4 1
github.com/pablogore/devforge/internal/plugins/discovery.go:29.26,30.14 1 1
github.com/pablogore/devforge/internal/plugins/discovery.go:30.14,31.12 1 1
github.com/pablogore/devforge/internal/plugins/discovery.go:33.3,34.17 2 1
github.com/pablogore/devforge/internal/plugins/discovery.go:34.17,35.12 1 1
github.com/pablogore/devforge/internal/plugins/discovery.go:37.3,37.29 1 1
github.com/pablogore/devforge/internal/plugins/discovery.go:37.29,38.17 1 1
github.com/pablogore/devforge/internal/plugins/discovery.go:38.17,39.13 1 1
github.com/pablogore/devforge/internal/plugins/discovery.go:41.4,42.46 2 1
github.com/pablogore/devforge/internal/plugins/discovery.go:42.46,43.13 1 1
github.com/pablogore/devforge/internal/plugins/discovery.go:45.4,46.18 2 1
github.com/pablogore/devforge/internal/plugins/discovery.go:46.18,47.13 1 0
github.com/pablogore/devforge/internal/plugins/discovery.go:49.4,50.25 2 1
github.com/pablogore/devforge/internal/plugins/discovery.go:50.25,51.13 1 1
github.com/pablogore/devforge/internal/plugins/discovery.go:53.4,53.22 1 1
github.com/pablogore/devforge/internal/plugins/discovery.go:53.22,54.13 1 1
github.com/pablogore/devforge/internal/plugins/discovery.go:56.4,57.45 2 1
github.com/pablogore/devforge/internal/plugins/discovery.go:57.45,60.5 2 1
github.com/pablogore/devforge/internal/plugins/discovery.go:63.2,63.16 1 1
github.com/pablogore/devforge/internal/domain/conventional.go:19.53,20.17 1 1
github.com/pablogore/devforge/internal/domain/conventional.go:20.17,22.3 1 1
github.com/pablogore/devforge/internal/domain/conventional.go:23.2,23.40 1 1
github.com/pablogore/devforge/internal/domain/conventional.go:23.40,25.3 1 1
github.com/pablogore/devforge/internal/domain/conventional.go:26.2,27.16 2 1
github.com/pablogore/devforge/internal/domain/conventional.go:27.16,29.3 1 0
github.com/pablogore/devforge/internal/domain/conventional.go:30.2,30.14 1 1
github.com/pablogore/devforge/internal/domain/conventional.go:30.14,32.3 1 1
github.com/pablogore/devforge/internal/domain/conventional.go:33.2,33.12 1 1
github.com/pablogore/devforge/internal/domain/coverage.go:15.59,18.22 3 1
github.com/pablogore/devforge/internal/domain/coverage.go:18.22,20.3 1 1
github.com/pablogore/devforge/internal/domain/coverage.go:21.2,22.67 2 1
github.com/pablogore/devforge/internal/domain/coverage.go:22.67,24.3 1 0
github.com/pablogore/devforge/internal/domain/coverage.go:25.2,25.50 1 1
github.com/pablogore/devforge/internal/domain/coverage.go:30.67,33.22 3 1
github.com/pablogore/devforge/internal/domain/coverage.go:33.22,35.3 1 1
github.com/pablogore/devforge/internal/domain/coverage.go:36.2,37.67 2 1
github.com/pablogore/devforge/internal/domain/coverage.go:37.67,39.3 1 0
github.com/pablogore/devforge/internal/domain/coverage.go:40.2,40.50 1 1
github.com/pablogore/devforge/internal/domain/coverage.go:48.62,50.2 1 1
github.com/pablogore/devforge/internal/domain/coverage.go:54.65,55.48 1 1
github.com/pablogore/devforge/internal/domain/coverage.go:55.48,57.3 1 1
github.com/pablogore/devforge/internal/domain/coverage.go:58.2,58.12 1 1
github.com/pablogore/devforge/internal/domain/coverage.go:62.65,64.2 1 1
github.com/pablogore/devforge/internal/domain/govulncheck.go:17.57,19.29 2 1
github.com/pablogore/devforge/internal/domain/govulncheck.go:19.29,21.17 2 1
github.com/pablogore/devforge/internal/domain/govulncheck.go:21.17,22.12 1 1
github.com/pablogore/devforge/internal/domain/govulncheck.go:24.3,25.60 2 1
github.com/pablogore/devforge/internal/domain/govulncheck.go:25.60,26.12 1 1
github.com/pablogore/devforge/internal/domain/govulncheck.go:28.3,28.55 1 1
github.com/pablogore/devforge/internal/domain/govulncheck.go:28.55,30.72 2 1
github.com/pablogore/devforge/internal/domain/govulncheck.go:30.72,32.5 1 1
github.com/pablogore/devforge/internal/domain/govulncheck.go:35.2,35.12 1 1
github.com/pablogore/devforge/internal/domain/govulncheck.go:38.55,39.45 1 1
github.com/pablogore/devforge/internal/domain/govulncheck.go:39.45,41.3 1 1
github.com/pablogore/devforge/internal/domain/govulncheck.go:42.2,42.45 1 1
github.com/pablogore/devforge/internal/domain/govulncheck.go:42.45,44.3 1 1
github.com/pablogore/devforge/internal/domain/govulncheck.go:45.2,45.28 1 1
github.com/pablogore/devforge/internal/domain/govulncheck.go:45.28,46.53 1 1
github.com/pablogore/devforge/internal/domain/govulncheck.go:46.53,47.41 1 1
github.com/pablogore/devforge/internal/domain/govulncheck.go:47.41,49.5 1 0
github.com/pablogore/devforge/internal/domain/govulncheck.go:50.4,50.76 1 1
github.com/pablogore/devforge/internal/domain/govulncheck.go:50.76,51.49 1 1
github.com/pablogore/devforge/internal/domain/govulncheck.go:51.49,53.6 1 1
github.com/pablogore/devforge/internal/domain/govulncheck.go:57.2,57.29 1 1
github.com/pablogore/devforge/internal/domain/govulncheck.go:57.29,58.55 1 1
github.com/pablogore/devforge/internal/domain/govulncheck.go:58.55,59.76 1 1
github.com/pablogore/devforge/internal/domain/govulncheck.go:59.76,60.49 1 1
github.com/pablogore/devforge/internal/domain/govulncheck.go:60.49,62.6 1 1
github.com/pablogore/devforge/internal/domain/govulncheck.go:66.2,66.11 1 1
github.com/pablogore/devforge/internal/domain/version.go:21.34,23.2 1 1
github.com/pablogore/devforge/internal/domain/version.go:26.48,29.21 3 1
github.com/pablogore/devforge/internal/domain/version.go:29.21,31.3 1 1
github.com/pablogore/devforge/internal/domain/version.go:33.2,34.16 2 1
github.com/pablogore/devforge/internal/domain/version.go:34.16,36.3 1 1
github.com/pablogore/devforge/internal/domain/version.go:37.2,38.16 2 1
github.com/pablogore/devforge/internal/domain/version.go:38.16,40.3 1 1
github.com/pablogore/devforge/internal/domain/version.go:41.2,42.16 2 1
github.com/pablogore/devforge/internal/domain/version.go:42.16,44.3 1 1
github.com/pablogore/devforge/internal/domain/version.go:46.2,46.63 1 1
github.com/pablogore/devforge/internal/domain/version.go:78.53,82.22 4 1
github.com/pablogore/devforge/internal/domain/version.go:82.22,84.3 1 1
github.com/pablogore/devforge/internal/domain/version.go:85.2,85.37 1 1
github.com/pablogore/devforge/internal/domain/version.go:89.57,91.2 1 1
github.com/pablogore/devforge/internal/domain/version.go:94.54,95.31 1 1
github.com/pablogore/devforge/internal/domain/version.go:95.31,97.3 1 1
github.com/pablogore/devforge/internal/domain/version.go:98.2,98.12 1 1
github.com/pablogore/devforge/internal/domain/version.go:99.25,100.23 1 1
github.com/pablogore/devforge/internal/domain/version.go:101.57,102.23 1 1
github.com/pablogore/devforge/internal/domain/version.go:103.10,104.22 1 1
github.com/pablogore/devforge/internal/domain/version.go:109.75,113.19 3 1
github.com/pablogore/devforge/internal/domain/version.go:113.19,115.3 1 1
github.com/pablogore/devforge/internal/domain/version.go:115.8,117.17 2 1
github.com/pablogore/devforge/internal/domain/version.go:117.17,119.4 1 1
github.com/pablogore/devforge/internal/domain/version.go:122.2,124.33 2 1
github.com/pablogore/devforge/internal/domain/version.go:124.33,126.10 2 1
github.com/pablogore/devforge/internal/domain/version.go:126.10,127.12 1 1
github.com/pablogore/devforge/internal/domain/version.go:129.3,130.21 2 1
github.com/pablogore/devforge/internal/domain/version.go:130.21,132.4 1 1
github.com/pablogore/devforge/internal/domain/version.go:135.2,135.29 1 1
github.com/pablogore/devforge/internal/domain/version.go:135.29,137.3 1 1
github.com/pablogore/devforge/internal/domain/version.go:139.2,139.17 1 1
github.com/pablogore/devforge/internal/domain/version.go:140.21,143.20 3 1
github.com/pablogore/devforge/internal/domain/version.go:144.21,146.20 2 1
github.com/pablogore/devforge/internal/domain/version.go:147.21,148.18 1 1
github.com/pablogore/devforge/internal/domain/version.go:151.2,151.21 1 1
github.com/pablogore/devforge/internal/domain/version.go:155.50,157.55 2 1
github.com/pablogore/devforge/internal/domain/version.go:157.55,159.3 1 1
github.com/pablogore/devforge/internal/domain/version.go:160.2,160.12 1 1
github.com/pablogore/devforge/internal/init/init.go:112.48,114.66 2 1
github.com/pablogore/devforge/internal/init/init.go:114.66,115.63 1 1
github.com/pablogore/devforge/internal/init/init.go:115.63,117.4 1 1
github.com/pablogore/devforge/internal/init/init.go:119.2,119.12 1 1
github.com/pablogore/devforge/internal/init/init.go:129.67,136.56 5 1
github.com/pablogore/devforge/internal/init/init.go:136.56,138.3 1 1
github.com/pablogore/devforge/internal/init/init.go:140.2,141.16 2 1
github.com/pablogore/devforge/internal/init/init.go:141.16,143.3 1 0
github.com/pablogore/devforge/internal/init/init.go:144.2,147.18 3 1
github.com/pablogore/devforge/internal/init/init.go:147.18,148.56 1 1
github.com/pablogore/devforge/internal/init/init.go:148.56,150.4 1 1
github.com/pablogore/devforge/internal/init/init.go:152.2,152.17 1 1
github.com/pablogore/devforge/internal/init/init.go:152.17,153.87 1 1
github.com/pablogore/devforge/internal/init/init.go:153.87,155.4 1 1
github.com/pablogore/devforge/internal/init/init.go:156.3,156.44 1 1
github.com/pablogore/devforge/internal/init/init.go:159.2,160.20 2 1
github.com/pablogore/devforge/internal/init/init.go:160.20,161.58 1 1
github.com/pablogore/devforge/internal/init/init.go:161.58,163.4 1 1
github.com/pablogore/devforge/internal/init/init.go:165.2,165.19 1 1
github.com/pablogore/devforge/internal/init/init.go:165.19,166.87 1 1
github.com/pablogore/devforge/internal/init/init.go:166.87,168.4 1 1
github.com/pablogore/devforge/internal/init/init.go:169.3,169.46 1 1
github.com/pablogore/devforge/internal/init/init.go:172.2,174.68 3 1
github.com/pablogore/devforge/internal/init/init.go:174.68,175.43 1 1
github.com/pablogore/devforge/internal/init/init.go:175.43,193.4 1 1
github.com/pablogore/devforge/internal/init/init.go:196.2,196.67 1 1
github.com/pablogore/devforge/internal/init/init.go:199.54,201.16 2 1
github.com/pablogore/devforge/internal/init/init.go:201.16,203.3 1 1
github.com/pablogore/devforge/internal/init/init.go:204.2,204.28 1 1
github.com/pablogore/devforge/internal/init/init.go:204.28,205.16 1 1
github.com/pablogore/devforge/internal/init/init.go:205.16,206.12 1 1
github.com/pablogore/devforge/internal/init/init.go:208.3,209.76 2 1
github.com/pablogore/devforge/internal/init/init.go:209.76,210.12 1 0
github.com/pablogore/devforge/internal/init/init.go:212.3,215.17 3 1
github.com/pablogore/devforge/internal/init/init.go:215.17,216.12 1 0
github.com/pablogore/devforge/internal/init/init.go:218.3,219.94 2 1
github.com/pablogore/devforge/internal/init/init.go:219.94,221.4 1 1
github.com/pablogore/devforge/internal/init/init.go:223.2,223.14 1 1
github.com/pablogore/devforge/internal/adapters/git/git_client.go:16.37,18.2 1 1
github.com/pablogore/devforge/internal/adapters/git/git_client.go:21.63,25.16 4 1
github.com/pablogore/devforge/internal/adapters/git/git_client.go:25.16,27.3 1 1
github.com/pablogore/devforge/internal/adapters/git/git_client.go:28.2,28.44 1 1
github.com/pablogore/devforge/internal/adapters/git/git_client.go:32.59,36.16 4 1
github.com/pablogore/devforge/internal/adapters/git/git_client.go:36.16,37.83 1 1
github.com/pablogore/devforge/internal/adapters/git/git_client.go:37.83,39.4 1 1
github.com/pablogore/devforge/internal/adapters/git/git_client.go:40.3,40.61 1 0
github.com/pablogore/devforge/internal/adapters/git/git_client.go:42.2,42.44 1 1
github.com/pablogore/devforge/internal/adapters/git/git_client.go:46.74,48.20 2 1
github.com/pablogore/devforge/internal/adapters/git/git_client.go:48.20,50.3 1 1
github.com/pablogore/devforge/internal/adapters/git/git_client.go:50.8,54.3 2 0
github.com/pablogore/devforge/internal/adapters/git/git_client.go:55.2,57.16 3 1
github.com/pablogore/devforge/internal/adapters/git/git_client.go:57.16,59.3 1 1
github.com/pablogore/devforge/internal/adapters/git/git_client.go:61.2,63.29 3 1
github.com/pablogore/devforge/internal/adapters/git/git_client.go:63.29,64.17 1 1
github.com/pablogore/devforge/internal/adapters/git/git_client.go:64.17,66.4 1 1
github.com/pablogore/devforge/internal/adapters/git/git_client.go:68.2,68.21 1 1
github.com/pablogore/devforge/internal/adapters/git/git_client.go:72.55,78.16 5 1
github.com/pablogore/devforge/internal/adapters/git/git_client.go:78.16,80.3 1 1
github.com/pablogore/devforge/internal/adapters/git/git_client.go:81.2,81.12 1 0
github.com/pablogore/devforge/internal/adapters/git/git_client.go:85.63,89.16 4 1
github.com/pablogore/devforge/internal/adapters/git/git_client.go:89.16,91.3 1 1
github.com/pablogore/devforge/internal/adapters/git/git_client.go:92.2,92.54 1 0
github.com/pablogore/devforge/internal/adapters/git/git_client.go:96.59,100.16 4 1
github.com/pablogore/devforge/internal/adapters/git/git_client.go:100.16,102.3 1 1
github.com/pablogore/devforge/internal/adapters/git/git_client.go:103.2,104.24 2 1
github.com/pablogore/devforge/internal/adapters/git/git_client.go:108.58,112.16 4 1
github.com/pablogore/devforge/internal/adapters/git/git_client.go:112.16,114.3 1 1
github.com/pablogore/devforge/internal/adapters/git/git_client.go:115.2,115.44 1 1
github.com/pablogore/devforge/internal/adapters/git/git_client.go:119.62,125.16 5 1
github.com/pablogore/devforge/internal/adapters/git/git_client.go:125.16,127.3 1 1
github.com/pablogore/devforge/internal/adapters/git/git_client.go:128.2,128.44 1 1
github.com/pablogore/devforge/internal/adapters/git/git_client.go:132.66,138.16 5 1
github.com/pablogore/devforge/internal/adapters/git/git_client.go:138.16,140.3 1 1
github.com/pablogore/devforge/internal/adapters/git/git_client.go:141.2,141.12 1 1
github.com/pablogore/devforge/internal/adapters/git/git_client.go:145.69,149.16 4 1
github.com/pablogore/devforge/internal/adapters/git/git_client.go:149.16,151.3 1 1
github.com/pablogore/devforge/internal/adapters/git/git_client.go:152.2,152.44 1 1
github.com/pablogore/devforge/internal/policy/evaluator.go:11.41,12.14 1 1
github.com/pablogore/devforge/internal/policy/evaluator.go:12.14,14.3 1 1
github.com/pablogore/devforge/internal/policy/evaluator.go:15.2,15.29 1 1
github.com/pablogore/devforge/internal/policy/evaluator.go:15.29,17.3 1 1
github.com/pablogore/devforge/internal/policy/evaluator.go:18.2,18.40 1 1
github.com/pablogore/devforge/internal/policy/evaluator.go:18.40,20.27 2 1
github.com/pablogore/devforge/internal/policy/evaluator.go:20.27,21.31 1 1
github.com/pablogore/devforge/internal/policy/evaluator.go:21.31,23.5 1 1
github.com/pablogore/devforge/internal/policy/evaluator.go:25.3,25.13 1 1
github.com/pablogore/devforge/internal/policy/evaluator.go:27.2,27.12 1 0
github.com/pablogore/devforge/internal/policy/evaluator.go:31.39,33.2 1 1
github.com/pablogore/devforge/internal/policy/evaluator.go:39.60,40.29 1 1
github.com/pablogore/devforge/internal/policy/evaluator.go:40.29,41.44 1 1
github.com/pablogore/devforge/internal/policy/evaluator.go:41.44,43.24 2 1
github.com/pablogore/devforge/internal/policy/evaluator.go:43.24,44.13 1 1
github.com/pablogore/devforge/internal/policy/evaluator.go:46.4,46.20 1 1
github.com/pablogore/devforge/internal/policy/evaluator.go:47.25,48.34 1 1
github.com/pablogore/devforge/internal/policy/evaluator.go:48.34,49.68 1 1
github.com/pablogore/devforge/internal/policy/evaluator.go:49.68,51.31 2 1
github.com/pablogore/devforge/internal/policy/evaluator.go:51.31,53.16 2 1
github.com/pablogore/devforge/internal/policy/evaluator.go:55.7,55.44 1 1
github.com/pablogore/devforge/internal/policy/evaluator.go:58.27,59.34 1 1
github.com/pablogore/devforge/internal/policy/evaluator.go:59.34,60.60 1 1
github.com/pablogore/devforge/internal/policy/evaluator.go:60.60,62.31 2 1
github.com/pablogore/devforge/internal/policy/evaluator.go:62.31,64.16 2 0
github.com/pablogore/devforge/internal/policy/evaluator.go:66.7,66.44 1 1
github.com/pablogore/devforge/internal/policy/evaluator.go:69.12,69.12 0 1
github.com/pablogore/devforge/internal/policy/evaluator.go:74.2,74.12 1 1
github.com/pablogore/devforge/internal/policy/loader.go:19.50,22.16 3 1
github.com/pablogore/devforge/internal/policy/loader.go:22.16,23.25 1 1
github.com/pablogore/devforge/internal/policy/loader.go:23.25,25.4 1 1
github.com/pablogore/devforge/internal/policy/loader.go:26.3,26.53 1 0
github.com/pablogore/devforge/internal/policy/loader.go:29.2,30.28 2 1
github.com/pablogore/devforge/internal/policy/loader.go:30.28,31.16 1 1
github.com/pablogore/devforge/internal/policy/loader.go:31.16,32.12 1 0
github.com/pablogore/devforge/internal/policy/loader.go:34.3,36.78 3 1
github.com/pablogore/devforge/internal/policy/loader.go:36.78,37.12 1 1
github.com/pablogore/devforge/internal/policy/loader.go:39.3,39.30 1 1
github.com/pablogore/devforge/internal/policy/loader.go:41.2,44.29 3 1
github.com/pablogore/devforge/internal/policy/loader.go:44.29,48.17 3 1
github.com/pablogore/devforge/internal/policy/loader.go:48.17,50.12 2 1
github.com/pablogore/devforge/internal/policy/loader.go:52.3,53.50 2 1
github.com/pablogore/devforge/internal/policy/loader.go:53.50,55.4 1 1
github.com/pablogore/devforge/internal/policy/loader.go:56.3,57.33 2 1
github.com/pablogore/devforge/internal/policy/loader.go:59.2,59.22 1 1
github.com/pablogore/devforge/internal/application/doctor_usecase.go:36.143,45.2 1 1
github.com/pablogore/devforge/internal/application/doctor_usecase.go:48.68,62.40 4 1
github.com/pablogore/devforge/internal/application/doctor_usecase.go:62.40,63.49 1 1
github.com/pablogore/devforge/internal/application/doctor_usecase.go:63.49,66.4 2 1
github.com/pablogore/devforge/internal/application/doctor_usecase.go:69.2,71.38 3 1
github.com/pablogore/devforge/internal/application/doctor_usecase.go:71.38,72.20 1 1
github.com/pablogore/devforge/internal/application/doctor_usecase.go:72.20,75.4 2 1
github.com/pablogore/devforge/internal/application/doctor_usecase.go:78.2,78.15 1 1
github.com/pablogore/devforge/internal/application/doctor_usecase.go:78.15,80.3 1 1
github.com/pablogore/devforge/internal/application/doctor_usecase.go:80.8,82.3 1 1
github.com/pablogore/devforge/internal/application/doctor_usecase.go:84.2,84.20 1 1
github.com/pablogore/devforge/internal/application/mode.go:16.43,17.11 1 1
github.com/pablogore/devforge/internal/application/mode.go:18.15,19.24 1 1
github.com/pablogore/devforge/internal/application/mode.go:20.14,21.23 1 1
github.com/pablogore/devforge/internal/application/mode.go:22.14,23.23 1 1
github.com/pablogore/devforge/internal/application/mode.go:24.10,25.44 1 1
github.com/pablogore/devforge/internal/application/mode.go:26.10,27.75 1 1
github.com/pablogore/devforge/internal/application/pipeline.go:17.59,18.16 1 1
github.com/pablogore/devforge/internal/application/pipeline.go:18.16,20.3 1 1
github.com/pablogore/devforge/internal/application/pipeline.go:21.2,23.21 3 1
github.com/pablogore/devforge/internal/application/pipeline.go:23.21,25.28 2 1
github.com/pablogore/devforge/internal/application/pipeline.go:25.28,27.4 1 1
github.com/pablogore/devforge/internal/application/pipeline.go:28.3,29.27 2 1
github.com/pablogore/devforge/internal/application/pipeline.go:29.27,30.23 1 1
github.com/pablogore/devforge/internal/application/pipeline.go:30.23,32.5 1 1
github.com/pablogore/devforge/internal/application/pipeline.go:34.3,34.13 1 1
github.com/pablogore/devforge/internal/application/pipeline.go:36.2,36.22 1 1
github.com/pablogore/devforge/internal/application/pipeline.go:36.22,38.29 2 1
github.com/pablogore/devforge/internal/application/pipeline.go:38.29,40.4 1 1
github.com/pablogore/devforge/internal/application/pipeline.go:41.3,42.27 2 1
github.com/pablogore/devforge/internal/application/pipeline.go:42.27,43.23 1 1
github.com/pablogore/devforge/internal/application/pipeline.go:43.23,45.5 1 1
github.com/pablogore/devforge/internal/application/pipeline.go:47.3,47.13 1 1
github.com/pablogore/devforge/internal/application/pipeline.go:49.2,49.14 1 1
github.com/pablogore/devforge/internal/application/pipeline.go:53.63,54.31 1 1
github.com/pablogore/devforge/internal/application/pipeline.go:54.31,55.47 1 1
github.com/pablogore/devforge/internal/application/pipeline.go:55.47,57.4 1 1
github.com/pablogore/devforge/internal/application/pipeline.go:59.2,59.12 1 1
github.com/pablogore/devforge/internal/application/pipeline_registry.go:8.35,10.2 1 1
github.com/pablogore/devforge/internal/application/pipeline_registry.go:13.48,16.2 2 1
github.com/pablogore/devforge/internal/application/pipeline_registry.go:19.31,21.34 2 1
github.com/pablogore/devforge/internal/application/pipeline_registry.go:21.34,23.3 1 1
github.com/pablogore/devforge/internal/application/pipeline_registry.go:24.2,24.14 1 1
github.com/pablogore/devforge/internal/application/pipeline_registry.go:29.71,31.9 2 1
github.com/pablogore/devforge/internal/application/pipeline_registry.go:31.9,33.3 1 1
github.com/pablogore/devforge/internal/application/pipeline_registry.go:34.2,34.27 1 1
github.com/pablogore/devforge/internal/application/pr_usecase.go:25.205,37.2 1 1
github.com/pablogore/devforge/internal/application/pr_usecase.go:40.56,42.2 1 1
github.com/pablogore/devforge/internal/application/pr_usecase.go:45.80,47.2 1 1
github.com/pablogore/devforge/internal/application/pr_usecase.go:51.162,70.71 5 1
github.com/pablogore/devforge/internal/application/pr_usecase.go:70.71,72.24 2 1
github.com/pablogore/devforge/internal/application/pr_usecase.go:72.24,74.4 1 1
github.com/pablogore/devforge/internal/application/pr_usecase.go:75.3,75.28 1 1
github.com/pablogore/devforge/internal/application/pr_usecase.go:75.28,76.74 1 1
github.com/pablogore/devforge/internal/application/pr_usecase.go:76.74,78.5 1 1
github.com/pablogore/devforge/internal/application/pr_usecase.go:79.4,80.18 2 1
github.com/pablogore/devforge/internal/application/pr_usecase.go:80.18,82.5 1 1
github.com/pablogore/devforge/internal/application/pr_usecase.go:83.4,84.43 2 0
github.com/pablogore/devforge/internal/application/pr_usecase.go:86.3,86.49 1 1
github.com/pablogore/devforge/internal/application/pr_usecase.go:86.49,88.4 1 1
github.com/pablogore/devforge/internal/application/pr_usecase.go:89.8,89.23 1 1
github.com/pablogore/devforge/internal/application/pr_usecase.go:89.23,91.3 1 1
github.com/pablogore/devforge/internal/application/pr_usecase.go:92.2,93.29 2 1
github.com/pablogore/devforge/internal/application/pr_usecase.go:93.29,94.49 1 1
github.com/pablogore/devforge/internal/application/pr_usecase.go:94.49,98.4 3 1
github.com/pablogore/devforge/internal/application/pr_usecase.go:101.2,103.12 3 1
github.com/pablogore/devforge/internal/application/release_usecase.go:24.168,34.2 1 1
github.com/pablogore/devforge/internal/application/release_usecase.go:45.70,58.40 4 1
github.com/pablogore/devforge/internal/application/release_usecase.go:58.40,59.49 1 1
github.com/pablogore/devforge/internal/application/release_usecase.go:59.49,62.23 3 1
github.com/pablogore/devforge/internal/application/release_usecase.go:63.25,64.59 1 1
github.com/pablogore/devforge/internal/application/release_usecase.go:65.30,66.65 1 1
github.com/pablogore/devforge/internal/application/release_usecase.go:67.22,68.59 1 1
github.com/pablogore/devforge/internal/application/release_usecase.go:69.22,70.63 1 1
github.com/pablogore/devforge/internal/application/release_usecase.go:71.36,72.63 1 1
github.com/pablogore/devforge/internal/application/release_usecase.go:73.22,74.57 1 1
github.com/pablogore/devforge/internal/application/release_usecase.go:75.12,76.20 1 1
github.com/pablogore/devforge/internal/application/release_usecase.go:81.2,87.8 3 1
github.com/pablogore/devforge/internal/application/release_usecase.go:91.84,93.16 2 1
github.com/pablogore/devforge/internal/application/release_usecase.go:93.16,95.3 1 1
github.com/pablogore/devforge/internal/application/release_usecase.go:97.2,98.16 2 1
github.com/pablogore/devforge/internal/application/release_usecase.go:98.16,100.3 1 1
github.com/pablogore/devforge/internal/application/release_usecase.go:102.2,103.16 2 1
github.com/pablogore/devforge/internal/application/release_usecase.go:103.16,104.44 1 1
github.com/pablogore/devforge/internal/application/release_usecase.go:104.44,106.4 1 1
github.com/pablogore/devforge/internal/application/release_usecase.go:107.3,107.17 1 1
github.com/pablogore/devforge/internal/application/release_usecase.go:110.2,111.41 2 1
github.com/pablogore/devforge/internal/application/release_usecase.go:111.41,113.3 1 0
github.com/pablogore/devforge/internal/application/release_usecase.go:115.2,115.65 1 1
github.com/pablogore/devforge/internal/application/release_usecase.go:115.65,117.3 1 0
github.com/pablogore/devforge/internal/application/release_usecase.go:119.2,119.24 1 1
github.com/pablogore/devforge/internal/application/run_steps.go:6.71,7.29 1 1
github.com/pablogore/devforge/internal/application/run_steps.go:7.29,9.10 2 1
github.com/pablogore/devforge/internal/application/run_steps.go:9.10,11.4 1 1
github.com/pablogore/devforge/internal/application/run_steps.go:13.3,13.47 1 1
github.com/pablogore/devforge/internal/application/run_steps.go:13.47,15.4 1 1
github.com/pablogore/devforge/internal/application/run_steps.go:17.2,17.12 1 1
github.com/pablogore/devforge/internal/application/step_registry.go:8.50,10.2 1 1
github.com/pablogore/devforge/internal/application/step_registry.go:13.40,15.9 2 1
github.com/pablogore/devforge/internal/application/step_registry.go:15.9,17.3 1 1
github.com/pablogore/devforge/internal/application/step_registry.go:18.2,18.21 1 1
github.com/pablogore/devforge/internal/application/step_registry.go:22.27,24.30 2 1
github.com/pablogore/devforge/internal/application/step_registry.go:24.30,26.3 1 1
github.com/pablogore/devforge/internal/application/step_registry.go:27.2,28.14 2 1
github.com/pablogore/devforge/internal/application/step_runner.go:14.67,16.2 1 1
github.com/pablogore/devforge/internal/application/step_runner.go:19.57,23.16 4 1
github.com/pablogore/devforge/internal/application/step_runner.go:23.16,26.3 2 1
github.com/pablogore/devforge/internal/application/step_runner.go:27.2,28.12 2 1
github.com/pablogore/devforge/internal/runtime/environment.go:16.38,27.2 4 1
github.com/pablogore/devforge/internal/doctor/generate.go:32.54,40.20 6 1
github.com/pablogore/devforge/internal/doctor/generate.go:40.20,41.23 1 1
github.com/pablogore/devforge/internal/doctor/generate.go:41.23,43.4 1 1
github.com/pablogore/devforge/internal/doctor/generate.go:44.3,44.51 1 1
github.com/pablogore/devforge/internal/doctor/generate.go:46.2,46.13 1 1
github.com/pablogore/devforge/internal/doctor/generate.go:46.13,47.23 1 1
github.com/pablogore/devforge/internal/doctor/generate.go:47.23,49.4 1 1
github.com/pablogore/devforge/internal/doctor/generate.go:50.3,50.42 1 1
github.com/pablogore/devforge/internal/doctor/generate.go:52.2,52.24 1 1
github.com/pablogore/devforge/internal/doctor/generate.go:52.24,55.26 3 1
github.com/pablogore/devforge/internal/doctor/generate.go:55.26,57.4 1 1
github.com/pablogore/devforge/internal/doctor/generate.go:57.9,59.32 2 0
github.com/pablogore/devforge/internal/doctor/generate.go:59.32,61.5 1 0
github.com/pablogore/devforge/internal/doctor/generate.go:62.4,62.41 1 0
github.com/pablogore/devforge/internal/doctor/generate.go:66.2,68.50 3 1
github.com/pablogore/devforge/internal/doctor/generate.go:68.50,69.48 1 1
github.com/pablogore/devforge/internal/doctor/generate.go:69.48,71.4 1 1
github.com/pablogore/devforge/internal/doctor/generate.go:74.2,74.24 1 1
github.com/pablogore/devforge/internal/doctor/generate.go:74.24,77.54 3 1
github.com/pablogore/devforge/internal/doctor/generate.go:77.54,79.4 1 0
github.com/pablogore/devforge/internal/doctor/generate.go:80.3,80.45 1 1
github.com/pablogore/devforge/internal/doctor/generate.go:82.2,82.28 1 1
github.com/pablogore/devforge/internal/doctor/generate.go:82.28,85.54 3 1
github.com/pablogore/devforge/internal/doctor/generate.go:85.54,87.4 1 0
github.com/pablogore/devforge/internal/doctor/generate.go:88.3,88.49 1 1
github.com/pablogore/devforge/internal/doctor/generate.go:91.2,91.23 1 1
github.com/pablogore/devforge/internal/doctor/generate.go:95.61,97.16 2 1
github.com/pablogore/devforge/internal/doctor/generate.go:97.16,99.3 1 0
github.com/pablogore/devforge/internal/doctor/generate.go:100.2,101.16 2 1
github.com/pablogore/devforge/internal/doctor/generate.go:101.16,103.3 1 0
github.com/pablogore/devforge/internal/doctor/generate.go:104.2,104.54 1 1
github.com/pablogore/devforge/internal/doctor/generate.go:104.54,106.3 1 1
github.com/pablogore/devforge/internal/doctor/generate.go:107.2,107.12 1 1
github.com/pablogore/devforge/internal/doctor/generate.go:111.59,119.25 4 1
github.com/pablogore/devforge/internal/doctor/generate.go:119.25,121.3 1 1
github.com/pablogore/devforge/internal/doctor/generate.go:122.2,124.25 3 1
github.com/pablogore/devforge/internal/doctor/generate.go:124.25,128.17 4 1
github.com/pablogore/devforge/internal/doctor/generate.go:128.17,130.4 1 0
github.com/pablogore/devforge/internal/doctor/generate.go:131.3,131.57 1 1
github.com/pablogore/devforge/internal/doctor/generate.go:133.2,134.18 2 1
github.com/pablogore/devforge/internal/doctor/generate.go:137.38,139.2 1 1
github.com/pablogore/devforge/internal/doctor/generate.go:141.53,142.23 1 1
github.com/pablogore/devforge/internal/doctor/generate.go:143.14,144.28 1 1
github.com/pablogore/devforge/internal/doctor/generate.go:145.21,147.23 2 1
github.com/pablogore/devforge/internal/doctor/generate.go:147.23,149.18 2 1
github.com/pablogore/devforge/internal/doctor/generate.go:149.18,151.5 1 0
github.com/pablogore/devforge/internal/doctor/generate.go:152.4,152.46 1 1
github.com/pablogore/devforge/internal/doctor/generate.go:154.3,154.19 1 1
github.com/pablogore/devforge/internal/doctor/generate.go:155.10,158.37 2 1
github.com/pablogore/devforge/internal/doctor/generate.go:158.37,160.4 1 0
github.com/pablogore/devforge/internal/doctor/generate.go:161.3,161.17 1 1
github.com/pablogore/devforge/internal/doctor/imports.go:18.51,22.86 3 1
github.com/pablogore/devforge/internal/doctor/imports.go:22.86,23.21 1 1
github.com/pablogore/devforge/internal/doctor/imports.go:23.21,25.4 1 0
github.com/pablogore/devforge/internal/doctor/imports.go:26.3,26.19 1 1
github.com/pablogore/devforge/internal/doctor/imports.go:26.19,27.70 1 1
github.com/pablogore/devforge/internal/doctor/imports.go:27.70,29.5 1 1
github.com/pablogore/devforge/internal/doctor/imports.go:30.4,30.14 1 1
github.com/pablogore/devforge/internal/doctor/imports.go:32.3,32.34 1 1
github.com/pablogore/devforge/internal/doctor/imports.go:32.34,34.4 1 1
github.com/pablogore/devforge/internal/doctor/imports.go:35.3,37.17 3 1
github.com/pablogore/devforge/internal/doctor/imports.go:37.17,39.4 1 0
github.com/pablogore/devforge/internal/doctor/imports.go:40.3,40.33 1 1
github.com/pablogore/devforge/internal/doctor/imports.go:40.33,42.56 2 1
github.com/pablogore/devforge/internal/doctor/imports.go:42.56,43.47 1 1
github.com/pablogore/devforge/internal/doctor/imports.go:43.47,46.6 2 1
github.com/pablogore/devforge/internal/doctor/imports.go:49.3,49.13 1 1
github.com/pablogore/devforge/internal/doctor/imports.go:51.2,51.16 1 1
github.com/pablogore/devforge/internal/doctor/imports.go:51.16,53.3 1 0
github.com/pablogore/devforge/internal/doctor/imports.go:54.2,54.14 1 1
github.com/pablogore/devforge/internal/doctor/layout.go:18.45,21.33 3 1
github.com/pablogore/devforge/internal/doctor/layout.go:21.33,23.3 1 1
github.com/pablogore/devforge/internal/doctor/layout.go:24.2,25.88 2 1
github.com/pablogore/devforge/internal/doctor/layout.go:25.88,26.21 1 1
github.com/pablogore/devforge/internal/doctor/layout.go:26.21,28.4 1 0
github.com/pablogore/devforge/internal/doctor/layout.go:29.3,29.19 1 1
github.com/pablogore/devforge/internal/doctor/layout.go:29.19,31.4 1 1
github.com/pablogore/devforge/internal/doctor/layout.go:32.3,32.34 1 1
github.com/pablogore/devforge/internal/doctor/layout.go:32.34,34.4 1 0
github.com/pablogore/devforge/internal/doctor/layout.go:35.3,37.17 3 1
github.com/pablogore/devforge/internal/doctor/layout.go:37.17,39.4 1 0
github.com/pablogore/devforge/internal/doctor/layout.go:40.3,40.33 1 1
github.com/pablogore/devforge/internal/doctor/layout.go:40.33,42.91 2 1
github.com/pablogore/devforge/internal/doctor/layout.go:42.91,45.5 2 1
github.com/pablogore/devforge/internal/doctor/layout.go:47.3,47.13 1 1
github.com/pablogore/devforge/internal/doctor/layout.go:49.2,49.14 1 1
github.com/pablogore/devforge/internal/doctor/suggestions.go:12.58,16.24 3 1
github.com/pablogore/devforge/internal/doctor/suggestions.go:16.24,18.33 2 1
github.com/pablogore/devforge/internal/doctor/suggestions.go:18.33,20.4 1 1
github.com/pablogore/devforge/internal/doctor/suggestions.go:21.3,21.75 1 1
github.com/pablogore/devforge/internal/doctor/suggestions.go:24.2,24.30 1 1
github.com/pablogore/devforge/internal/doctor/suggestions.go:24.30,29.3 1 1
github.com/pablogore/devforge/internal/doctor/suggestions.go:31.2,31.32 1 1
github.com/pablogore/devforge/internal/doctor/suggestions.go:31.32,36.3 1 1
github.com/pablogore/devforge/internal/doctor/suggestions.go:38.2,38.12 1 1
github.com/pablogore/devforge/internal/doctor/time_usage.go:16.43,19.33 3 1
github.com/pablogore/devforge/internal/doctor/time_usage.go:19.33,21.3 1 1
github.com/pablogore/devforge/internal/doctor/time_usage.go:22.2,23.88 2 1
github.com/pablogore/devforge/internal/doctor/time_usage.go:23.88,24.21 1 1
github.com/pablogore/devforge/internal/doctor/time_usage.go:24.21,26.4 1 0
github.com/pablogore/devforge/internal/doctor/time_usage.go:27.3,27.19 1 1
github.com/pablogore/devforge/internal/doctor/time_usage.go:27.19,29.4 1 1
github.com/pablogore/devforge/internal/doctor/time_usage.go:30.3,30.34 1 1
github.com/pablogore/devforge/internal/doctor/time_usage.go:30.34,32.4 1 1
github.com/pablogore/devforge/internal/doctor/time_usage.go:34.3,35.17 2 1
github.com/pablogore/devforge/internal/doctor/time_usage.go:35.17,37.4 1 0
github.com/pablogore/devforge/internal/doctor/time_usage.go:38.3,38.53 1 1
github.com/pablogore/devforge/internal/doctor/time_usage.go:38.53,41.4 2 1
github.com/pablogore/devforge/internal/doctor/time_usage.go:42.3,42.13 1 1
github.com/pablogore/devforge/internal/doctor/time_usage.go:44.2,44.14 1 1
github.com/pablogore/devforge/internal/guard/adapters_no_domain_import_rule.go:16.76,18.2 1 1
github.com/pablogore/devforge/internal/guard/adapters_no_domain_import_rule.go:21.54,23.2 1 1
github.com/pablogore/devforge/internal/guard/adapters_no_domain_import_rule.go:26.69,28.48 2 1
github.com/pablogore/devforge/internal/guard/adapters_no_domain_import_rule.go:28.48,30.3 1 1
github.com/pablogore/devforge/internal/guard/adapters_no_domain_import_rule.go:31.2,32.19 2 1
github.com/pablogore/devforge/internal/guard/adapters_no_domain_import_rule.go:32.19,34.3 1 0
github.com/pablogore/devforge/internal/guard/adapters_no_domain_import_rule.go:35.2,35.81 1 1
github.com/pablogore/devforge/internal/guard/default_rules.go:5.41,14.2 1 1
github.com/pablogore/devforge/internal/guard/domain_no_adapter_import_rule.go:16.76,18.2 1 1
github.com/pablogore/devforge/internal/guard/domain_no_adapter_import_rule.go:21.54,23.2 1 1
github.com/pablogore/devforge/internal/guard/domain_no_adapter_import_rule.go:27.69,29.48 2 1
github.com/pablogore/devforge/internal/guard/domain_no_adapter_import_rule.go:29.48,31.3 1 1
github.com/pablogore/devforge/internal/guard/domain_no_adapter_import_rule.go:32.2,33.19 2 1
github.com/pablogore/devforge/internal/guard/domain_no_adapter_import_rule.go:33.19,35.3 1 0
github.com/pablogore/devforge/internal/guard/domain_no_adapter_import_rule.go:36.2,36.84 1 1
github.com/pablogore/devforge/internal/guard/go_list_parse.go:17.53,18.19 1 1
github.com/pablogore/devforge/internal/guard/go_list_parse.go:18.19,20.3 1 1
github.com/pablogore/devforge/internal/guard/go_list_parse.go:21.2,21.21 1 1
github.com/pablogore/devforge/internal/guard/go_list_parse.go:21.21,23.3 1 1
github.com/pablogore/devforge/internal/guard/go_list_parse.go:24.2,25.37 2 1
github.com/pablogore/devforge/internal/guard/go_list_parse.go:25.37,27.3 1 1
github.com/pablogore/devforge/internal/guard/go_list_parse.go:28.2,28.43 1 1
github.com/pablogore/devforge/internal/guard/go_list_parse.go:34.89,36.6 2 1
github.com/pablogore/devforge/internal/guard/go_list_parse.go:36.6,38.40 2 1
github.com/pablogore/devforge/internal/guard/go_list_parse.go:38.40,39.9 1 1
github.com/pablogore/devforge/internal/guard/go_list_parse.go:41.3,41.33 1 1
github.com/pablogore/devforge/internal/guard/go_list_parse.go:41.33,42.50 1 1
github.com/pablogore/devforge/internal/guard/go_list_parse.go:42.50,44.5 1 1
github.com/pablogore/devforge/internal/guard/go_list_parse.go:47.2,47.12 1 1
github.com/pablogore/devforge/internal/guard/no_circular_imports_rule.go:16.56,18.2 1 1
github.com/pablogore/devforge/internal/guard/no_circular_imports_rule.go:21.44,23.2 1 1
github.com/pablogore/devforge/internal/guard/no_circular_imports_rule.go:26.59,29.16 3 1
github.com/pablogore/devforge/internal/guard/no_circular_imports_rule.go:29.16,31.3 1 1
github.com/pablogore/devforge/internal/guard/no_circular_imports_rule.go:32.2,32.48 1 1
github.com/pablogore/devforge/internal/guard/no_circular_imports_rule.go:32.48,34.3 1 1
github.com/pablogore/devforge/internal/guard/no_circular_imports_rule.go:35.2,35.12 1 1
github.com/pablogore/devforge/internal/guard/no_cross_layer_import_rule.go:20.58,22.2 1 1
github.com/pablogore/devforge/internal/guard/no_cross_layer_import_rule.go:25.45,27.2 1 1
github.com/pablogore/devforge/internal/guard/no_cross_layer_import_rule.go:30.60,31.47 1 1
github.com/pablogore/devforge/internal/guard/no_cross_layer_import_rule.go:31.47,33.3 1 1
github.com/pablogore/devforge/internal/guard/no_cross_layer_import_rule.go:34.2,34.52 1 1
github.com/pablogore/devforge/internal/guard/no_cross_layer_import_rule.go:34.52,36.3 1 1
github.com/pablogore/devforge/internal/guard/no_cross_layer_import_rule.go:37.2,37.46 1 1
github.com/pablogore/devforge/internal/guard/no_cross_layer_import_rule.go:37.46,39.3 1 1
github.com/pablogore/devforge/internal/guard/no_cross_layer_import_rule.go:40.2,40.12 1 1
github.com/pablogore/devforge/internal/guard/no_cross_layer_import_rule.go:43.48,45.48 2 1
github.com/pablogore/devforge/internal/guard/no_cross_layer_import_rule.go:45.48,47.3 1 0
github.com/pablogore/devforge/internal/guard/no_cross_layer_import_rule.go:48.2,49.94 2 1
github.com/pablogore/devforge/internal/guard/no_cross_layer_import_rule.go:49.94,51.3 1 1
github.com/pablogore/devforge/internal/guard/no_cross_layer_import_rule.go:52.2,52.91 1 1
github.com/pablogore/devforge/internal/guard/no_cross_layer_import_rule.go:52.91,54.3 1 1
github.com/pablogore/devforge/internal/guard/no_cross_layer_import_rule.go:55.2,55.79 1 1
github.com/pablogore/devforge/internal/guard/no_cross_layer_import_rule.go:58.53,60.48 2 1
github.com/pablogore/devforge/internal/guard/no_cross_layer_import_rule.go:60.48,62.3 1 1
github.com/pablogore/devforge/internal/guard/no_cross_layer_import_rule.go:63.2,63.91 1 1
github.com/pablogore/devforge/internal/guard/no_cross_layer_import_rule.go:66.47,68.48 2 1
github.com/pablogore/devforge/internal/guard/no_cross_layer_import_rule.go:68.48,70.3 1 0
github.com/pablogore/devforge/internal/guard/no_cross_layer_import_rule.go:71.2,72.88 2 1
github.com/pablogore/devforge/internal/guard/no_cross_layer_import_rule.go:72.88,74.3 1 1
github.com/pablogore/devforge/internal/guard/no_cross_layer_import_rule.go:75.2,75.93 1 1
github.com/pablogore/devforge/internal/guard/no_cross_layer_import_rule.go:75.93,77.3 1 1
github.com/pablogore/devforge/internal/guard/no_cross_layer_import_rule.go:78.2,78.78 1 1
github.com/pablogore/devforge/internal/guard/no_fmt_print_rule.go:17.62,19.2 1 1
github.com/pablogore/devforge/internal/guard/no_fmt_print_rule.go:22.47,24.2 1 1
github.com/pablogore/devforge/internal/guard/no_fmt_print_rule.go:28.62,30.48 2 1
github.com/pablogore/devforge/internal/guard/no_fmt_print_rule.go:30.48,32.3 1 1
github.com/pablogore/devforge/internal/guard/no_fmt_print_rule.go:33.2,34.19 2 1
github.com/pablogore/devforge/internal/guard/no_fmt_print_rule.go:34.19,36.3 1 1
github.com/pablogore/devforge/internal/guard/no_fmt_print_rule.go:37.2,37.40 1 1
github.com/pablogore/devforge/internal/guard/no_fmt_print_rule.go:37.40,39.3 1 1
github.com/pablogore/devforge/internal/guard/no_fmt_print_rule.go:40.2,40.52 1 1
github.com/pablogore/devforge/internal/guard/no_fmt_print_rule.go:40.52,42.17 2 1
github.com/pablogore/devforge/internal/guard/no_fmt_print_rule.go:42.17,43.12 1 0
github.com/pablogore/devforge/internal/guard/no_fmt_print_rule.go:45.3,46.42 2 1
github.com/pablogore/devforge/internal/guard/no_fmt_print_rule.go:46.42,47.12 1 1
github.com/pablogore/devforge/internal/guard/no_fmt_print_rule.go:50.3,50.95 1 1
github.com/pablogore/devforge/internal/guard/no_fmt_print_rule.go:50.95,51.12 1 1
github.com/pablogore/devforge/internal/guard/no_fmt_print_rule.go:54.3,54.50 1 1
github.com/pablogore/devforge/internal/guard/no_fmt_print_rule.go:54.50,55.12 1 0
github.com/pablogore/devforge/internal/guard/no_fmt_print_rule.go:58.3,58.57 1 1
github.com/pablogore/devforge/internal/guard/no_fmt_print_rule.go:58.57,59.12 1 1
github.com/pablogore/devforge/internal/guard/no_fmt_print_rule.go:61.3,61.22 1 1
github.com/pablogore/devforge/internal/guard/no_fmt_print_rule.go:61.22,63.4 1 1
github.com/pablogore/devforge/internal/guard/no_fmt_print_rule.go:65.2,65.12 1 1
github.com/pablogore/devforge/internal/guard/no_fmt_print_rule.go:69.43,71.13 2 1
github.com/pablogore/devforge/internal/guard/no_fmt_print_rule.go:71.13,73.3 1 1
github.com/pablogore/devforge/internal/guard/no_fmt_print_rule.go:74.2,74.19 1 1
github.com/pablogore/devforge/internal/guard/no_fmt_print_rule.go:78.33,80.2 1 1
github.com/pablogore/devforge/internal/guard/no_time_now_rule.go:16.56,18.2 1 1
github.com/pablogore/devforge/internal/guard/no_time_now_rule.go:21.44,23.2 1 1
github.com/pablogore/devforge/internal/guard/no_time_now_rule.go:27.59,30.19 3 1
github.com/pablogore/devforge/internal/guard/no_time_now_rule.go:30.19,31.41 1 1
github.com/pablogore/devforge/internal/guard/no_time_now_rule.go:31.41,33.4 1 1
github.com/pablogore/devforge/internal/guard/no_time_now_rule.go:34.3,34.28 1 1
github.com/pablogore/devforge/internal/guard/no_time_now_rule.go:36.2,37.12 2 1
github.com/pablogore/devforge/internal/guard/policy_support.go:11.74,12.28 1 1
github.com/pablogore/devforge/internal/guard/policy_support.go:12.28,14.3 1 1
github.com/pablogore/devforge/internal/guard/policy_support.go:15.2,16.48 2 1
github.com/pablogore/devforge/internal/guard/policy_support.go:16.48,18.3 1 1
github.com/pablogore/devforge/internal/guard/policy_support.go:19.2,20.84 2 1
github.com/pablogore/devforge/internal/guard/policy_support.go:26.53,27.16 1 1
github.com/pablogore/devforge/internal/guard/policy_support.go:27.16,29.3 1 1
github.com/pablogore/devforge/internal/guard/policy_support.go:30.2,30.54 1 1
github.com/pablogore/devforge/internal/guard/policy_support.go:30.54,32.3 1 1
github.com/pablogore/devforge/internal/guard/policy_support.go:33.2,35.58 3 1
github.com/pablogore/devforge/internal/guard/policy_support.go:35.58,37.3 1 1
github.com/pablogore/devforge/internal/guard/policy_support.go:38.2,39.12 2 1
github.com/pablogore/devforge/internal/testkit/fake_clock.go:16.32,21.2 1 1
github.com/pablogore/devforge/internal/testkit/fake_clock.go:24.41,24.53 1 1
github.com/pablogore/devforge/internal/testkit/fake_clock.go:26.52,26.72 1 1
github.com/pablogore/devforge/internal/testkit/fake_clock.go:27.52,27.70 1 1
github.com/pablogore/devforge/internal/testkit/fake_command_runner.go:52.48,58.2 1 1
github.com/pablogore/devforge/internal/testkit/fake_command_runner.go:60.45,62.2 1 1
github.com/pablogore/devforge/internal/testkit/fake_command_runner.go:65.88,68.24 3 1
github.com/pablogore/devforge/internal/testkit/fake_command_runner.go:68.24,70.3 1 0
github.com/pablogore/devforge/internal/testkit/fake_command_runner.go:71.2,71.72 1 1
github.com/pablogore/devforge/internal/testkit/fake_command_runner.go:75.91,79.2 3 1
github.com/pablogore/devforge/internal/testkit/fake_command_runner.go:81.102,83.2 1 1
github.com/pablogore/devforge/internal/testkit/fake_command_runner.go:85.116,87.2 1 1
github.com/pablogore/devforge/internal/testkit/fake_command_runner.go:89.142,91.2 1 1
github.com/pablogore/devforge/internal/testkit/fake_command_runner.go:93.83,99.2 5 1
github.com/pablogore/devforge/internal/testkit/fake_command_runner.go:101.80,103.33 2 1
github.com/pablogore/devforge/internal/testkit/fake_command_runner.go:103.33,105.3 1 1
github.com/pablogore/devforge/internal/testkit/fake_command_runner.go:106.2,106.22 1 1
github.com/pablogore/devforge/internal/testkit/fake_command_runner.go:106.22,108.49 2 1
github.com/pablogore/devforge/internal/testkit/fake_command_runner.go:108.49,112.4 3 1
github.com/pablogore/devforge/internal/testkit/fake_command_runner.go:114.2,114.30 1 1
github.com/pablogore/devforge/internal/testkit/fake_command_runner.go:114.30,118.3 3 1
github.com/pablogore/devforge/internal/testkit/fake_command_runner.go:119.2,119.22 1 1
github.com/pablogore/devforge/internal/testkit/fake_command_runner.go:119.22,122.3 2 1
github.com/pablogore/devforge/internal/testkit/fake_command_runner.go:123.2,123.16 1 1
github.com/pablogore/devforge/internal/testkit/fake_command_runner.go:126.37,127.22 1 1
github.com/pablogore/devforge/internal/testkit/fake_command_runner.go:127.22,129.3 1 0
github.com/pablogore/devforge/internal/testkit/fake_command_runner.go:130.2,130.19 1 1
github.com/pablogore/devforge/internal/testkit/fake_command_runner.go:130.19,131.19 1 1
github.com/pablogore/devforge/internal/testkit/fake_command_runner.go:131.19,133.4 1 1
github.com/pablogore/devforge/internal/testkit/fake_command_runner.go:135.2,135.13 1 1
github.com/pablogore/devforge/internal/testkit/fake_command_runner.go:139.45,143.2 3 1
github.com/pablogore/devforge/internal/testkit/fake_command_runner.go:146.60,149.23 3 1
github.com/pablogore/devforge/internal/testkit/fake_command_runner.go:149.23,151.3 1 1
github.com/pablogore/devforge/internal/testkit/fake_command_runner.go:152.2,152.38 1 1
github.com/pablogore/devforge/internal/testkit/fake_command_runner.go:156.73,159.28 3 1
github.com/pablogore/devforge/internal/testkit/fake_command_runner.go:159.28,160.49 1 1
github.com/pablogore/devforge/internal/testkit/fake_command_runner.go:160.49,162.4 1 1
github.com/pablogore/devforge/internal/testkit/fake_command_runner.go:164.2,164.14 1 1
github.com/pablogore/devforge/internal/testkit/fake_command_runner.go:168.62,172.10 4 1
github.com/pablogore/devforge/internal/testkit/fake_command_runner.go:172.10,174.3 1 1
github.com/pablogore/devforge/internal/testkit/fake_command_runner.go:175.2,175.12 1 1
github.com/pablogore/devforge/internal/testkit/fake_command_runner.go:179.37,186.2 6 1
github.com/pablogore/devforge/internal/testkit/fake_env_provider.go:11.65,12.16 1 1
github.com/pablogore/devforge/internal/testkit/fake_env_provider.go:12.16,14.3 1 1
github.com/pablogore/devforge/internal/testkit/fake_env_provider.go:15.2,15.35 1 1
github.com/pablogore/devforge/internal/testkit/fake_env_provider.go:19.50,21.2 1 1
github.com/pablogore/devforge/internal/testkit/fake_git_client.go:38.66,40.2 1 1
github.com/pablogore/devforge/internal/testkit/fake_git_client.go:42.62,44.2 1 1
github.com/pablogore/devforge/internal/testkit/fake_git_client.go:46.75,48.2 1 1
github.com/pablogore/devforge/internal/testkit/fake_git_client.go:50.57,52.2 1 1
github.com/pablogore/devforge/internal/testkit/fake_git_client.go:54.66,56.2 1 1
github.com/pablogore/devforge/internal/testkit/fake_git_client.go:58.62,60.2 1 1
github.com/pablogore/devforge/internal/testkit/fake_git_client.go:62.61,64.2 1 1
github.com/pablogore/devforge/internal/testkit/fake_git_client.go:66.68,67.36 1 1
github.com/pablogore/devforge/internal/testkit/fake_git_client.go:67.36,68.51 1 1
github.com/pablogore/devforge/internal/testkit/fake_git_client.go:68.51,72.4 3 1
github.com/pablogore/devforge/internal/testkit/fake_git_client.go:73.3,73.17 1 0
github.com/pablogore/devforge/internal/testkit/fake_git_client.go:75.2,75.41 1 1
github.com/pablogore/devforge/internal/testkit/fake_git_client.go:78.73,80.2 1 1
github.com/pablogore/devforge/internal/testkit/fake_git_client.go:82.72,84.2 1 1
github.com/pablogore/devforge/internal/testkit/fake_logger.go:27.45,27.46 0 1
github.com/pablogore/devforge/internal/testkit/fake_logger.go:30.52,34.25 4 1
github.com/pablogore/devforge/internal/testkit/fake_logger.go:34.25,36.3 1 1
github.com/pablogore/devforge/internal/testkit/fake_logger.go:40.44,40.45 0 1
github.com/pablogore/devforge/internal/testkit/fake_logger.go:43.53,47.2 3 1
github.com/pablogore/devforge/internal/testkit/fake_logger.go:50.48,50.60 1 1
github.com/pablogore/devforge/internal/testkit/fake_logger.go:53.35,53.49 1 1
github.com/pablogore/devforge/internal/tools/cache.go:8.25,11.2 2 1
github.com/pablogore/devforge/internal/tools/cache.go:13.27,15.2 1 1
github.com/pablogore/devforge/internal/tools/cache.go:17.27,19.2 1 1
github.com/pablogore/devforge/internal/tools/cache.go:21.19,24.30 3 1
github.com/pablogore/devforge/internal/tools/cache.go:24.30,26.17 2 1
github.com/pablogore/devforge/internal/tools/cache.go:26.17,28.4 1 1
github.com/pablogore/devforge/internal/tools/cache.go:28.9,30.4 1 1
github.com/pablogore/devforge/internal/tools/cache.go:34.42,36.49 2 1
github.com/pablogore/devforge/internal/tools/cache.go:36.49,37.40 1 1
github.com/pablogore/devforge/internal/tools/cache.go:37.40,39.4 1 1
github.com/pablogore/devforge/internal/tools/cache.go:41.2,41.14 1 1
github.com/pablogore/devforge/internal/tools/cache.go:45.54,47.2 1 1
github.com/pablogore/devforge/internal/tools/cache.go:50.68,52.2 1 1
github.com/pablogore/devforge/internal/tools/cache.go:55.47,57.2 1 1
github.com/pablogore/devforge/internal/tools/install.go:11.31,14.2 2 1
github.com/pablogore/devforge/internal/tools/install.go:17.63,24.2 5 0
github.com/pablogore/devforge/internal/tools/install.go:27.62,34.2 5 0
github.com/pablogore/devforge/internal/tools/install.go:39.26,40.39 1 1
github.com/pablogore/devforge/internal/tools/install.go:40.39,42.3 1 1
github.com/pablogore/devforge/internal/tools/install.go:43.2,45.45 2 1
github.com/pablogore/devforge/internal/tools/install.go:45.45,47.3 1 1
github.com/pablogore/devforge/internal/tools/install.go:48.2,48.44 1 1
github.com/pablogore/devforge/internal/tools/install.go:48.44,50.3 1 1
github.com/pablogore/devforge/internal/tools/install.go:51.2,51.12 1 1
github.com/pablogore/devforge/internal/tools/install.go:54.33,56.24 2 1
github.com/pablogore/devforge/internal/tools/install.go:56.24,58.3 1 1
github.com/pablogore/devforge/internal/tools/install.go:60.2,62.54 3 1
github.com/pablogore/devforge/internal/tools/install.go:62.54,64.3 1 1
github.com/pablogore/devforge/internal/tools/install.go:65.2,65.62 1 1
github.com/pablogore/devforge/internal/tools/install.go:65.62,67.3 1 1
github.com/pablogore/devforge/internal/tools/install.go:68.2,68.63 1 1
github.com/pablogore/devforge/internal/tools/install.go:71.32,73.24 2 1
github.com/pablogore/devforge/internal/tools/install.go:73.24,75.3 1 1
github.com/pablogore/devforge/internal/tools/install.go:77.2,79.54 3 1
github.com/pablogore/devforge/internal/tools/install.go:79.54,81.3 1 1
github.com/pablogore/devforge/internal/tools/install.go:82.2,82.61 1 1
github.com/pablogore/devforge/internal/tools/install.go:82.61,84.3 1 1
github.com/pablogore/devforge/internal/tools/install.go:85.2,85.61 1 1
github.com/pablogore/devforge/internal/tools/install.go:88.35,91.2 2 1
github.com/pablogore/devforge/internal/tools/install.go:94.47,96.16 2 1
github.com/pablogore/devforge/internal/tools/install.go:96.16,97.25 1 1
github.com/pablogore/devforge/internal/tools/install.go:97.25,99.4 1 1
github.com/pablogore/devforge/internal/tools/install.go:100.3,100.13 1 1
github.com/pablogore/devforge/internal/tools/install.go:102.2,102.37 1 1
github.com/pablogore/devforge/internal/tools/install.go:102.37,104.87 2 1
github.com/pablogore/devforge/internal/tools/install.go:104.87,106.4 1 1
github.com/pablogore/devforge/internal/tools/install.go:107.3,107.22 1 1
github.com/pablogore/devforge/internal/tools/install.go:109.2,109.33 1 1
github.com/pablogore/devforge/internal/steps/architectural_guard.go:15.89,17.2 1 1
github.com/pablogore/devforge/internal/steps/architectural_guard.go:19.13,20.74 1 1
github.com/pablogore/devforge/internal/steps/architectural_guard.go:20.74,20.132 1 0
github.com/pablogore/devforge/internal/steps/architectural_guard.go:24.48,26.2 1 1
github.com/pablogore/devforge/internal/steps/architectural_guard.go:30.70,39.31 2 1
github.com/pablogore/devforge/internal/steps/architectural_guard.go:39.31,41.45 2 1
github.com/pablogore/devforge/internal/steps/architectural_guard.go:41.45,43.4 1 1
github.com/pablogore/devforge/internal/steps/architectural_guard.go:45.2,45.12 1 1
github.com/pablogore/devforge/internal/steps/doctor.go:14.39,14.65 1 1
github.com/pablogore/devforge/internal/steps/doctor.go:17.61,19.16 2 1
github.com/pablogore/devforge/internal/steps/doctor.go:19.16,22.3 2 1
github.com/pablogore/devforge/internal/steps/doctor.go:23.2,24.12 2 1
github.com/pablogore/devforge/internal/steps/doctor.go:31.46,31.79 1 1
github.com/pablogore/devforge/internal/steps/doctor.go:34.68,36.16 2 1
github.com/pablogore/devforge/internal/steps/doctor.go:36.16,39.3 2 1
github.com/pablogore/devforge/internal/steps/doctor.go:40.2,41.12 2 1
github.com/pablogore/devforge/internal/steps/doctor.go:48.38,48.63 1 1
github.com/pablogore/devforge/internal/steps/doctor.go:51.60,53.16 2 1
github.com/pablogore/devforge/internal/steps/doctor.go:53.16,56.3 2 1
github.com/pablogore/devforge/internal/steps/doctor.go:57.2,57.14 1 1
github.com/pablogore/devforge/internal/steps/doctor.go:57.14,60.3 2 1
github.com/pablogore/devforge/internal/steps/doctor.go:61.2,62.12 2 1
github.com/pablogore/devforge/internal/steps/doctor.go:69.37,69.61 1 1
github.com/pablogore/devforge/internal/steps/doctor.go:72.59,74.16 2 1
github.com/pablogore/devforge/internal/steps/doctor.go:74.16,77.3 2 1
github.com/pablogore/devforge/internal/steps/doctor.go:78.2,78.22 1 1
github.com/pablogore/devforge/internal/steps/doctor.go:78.22,81.3 2 1
github.com/pablogore/devforge/internal/steps/doctor.go:82.2,83.12 2 1
github.com/pablogore/devforge/internal/steps/doctor.go:90.43,90.74 1 1
github.com/pablogore/devforge/internal/steps/doctor.go:93.65,95.16 2 1
github.com/pablogore/devforge/internal/steps/doctor.go:95.16,98.3 2 1
github.com/pablogore/devforge/internal/steps/doctor.go:99.2,99.14 1 1
github.com/pablogore/devforge/internal/steps/doctor.go:99.14,102.3 2 1
github.com/pablogore/devforge/internal/steps/doctor.go:103.2,104.12 2 1
github.com/pablogore/devforge/internal/steps/doctor.go:111.41,111.69 1 1
github.com/pablogore/devforge/internal/steps/doctor.go:114.63,116.16 2 1
github.com/pablogore/devforge/internal/steps/doctor.go:116.16,119.3 2 1
github.com/pablogore/devforge/internal/steps/doctor.go:120.2,121.12 2 1
github.com/pablogore/devforge/internal/steps/doctor.go:124.77,125.29 1 1
github.com/pablogore/devforge/internal/steps/doctor.go:125.29,127.3 1 1
github.com/pablogore/devforge/internal/steps/doctor.go:130.13,131.68 1 1
github.com/pablogore/devforge/internal/steps/doctor.go:131.68,131.97 1 0
github.com/pablogore/devforge/internal/steps/doctor.go:132.2,132.75 1 1
github.com/pablogore/devforge/internal/steps/doctor.go:132.75,132.111 1 0
github.com/pablogore/devforge/internal/steps/doctor.go:133.2,133.67 1 1
github.com/pablogore/devforge/internal/steps/doctor.go:133.67,133.95 1 0
github.com/pablogore/devforge/internal/steps/doctor.go:134.2,134.66 1 1
github.com/pablogore/devforge/internal/steps/doctor.go:134.66,134.93 1 0
github.com/pablogore/devforge/internal/steps/doctor.go:135.2,135.73 1 1
github.com/pablogore/devforge/internal/steps/doctor.go:135.73,135.106 1 0
github.com/pablogore/devforge/internal/steps/doctor.go:136.2,136.70 1 1
github.com/pablogore/devforge/internal/steps/doctor.go:136.70,136.101 1 0
github.com/pablogore/devforge/internal/steps/doctor.go:140.39,149.2 1 1
github.com/pablogore/devforge/internal/steps/external_plugin_step.go:19.44,21.2 1 1
github.com/pablogore/devforge/internal/steps/external_plugin_step.go:26.66,27.37 1 1
github.com/pablogore/devforge/internal/steps/external_plugin_step.go:27.37,28.70 1 1
github.com/pablogore/devforge/internal/steps/external_plugin_step.go:28.70,31.4 2 1
github.com/pablogore/devforge/internal/steps/external_plugin_step.go:34.2,38.37 4 1
github.com/pablogore/devforge/internal/steps/external_plugin_step.go:38.37,39.77 1 1
github.com/pablogore/devforge/internal/steps/external_plugin_step.go:39.77,41.18 2 1
github.com/pablogore/devforge/internal/steps/external_plugin_step.go:41.18,43.5 1 1
github.com/pablogore/devforge/internal/steps/external_plugin_step.go:47.2,48.16 2 1
github.com/pablogore/devforge/internal/steps/external_plugin_step.go:48.16,50.3 1 1
github.com/pablogore/devforge/internal/steps/external_plugin_step.go:51.2,51.12 1 1
github.com/pablogore/devforge/internal/steps/golangci_lint.go:13.39,15.2 1 1
github.com/pablogore/devforge/internal/steps/golangci_lint.go:20.61,22.16 2 1
github.com/pablogore/devforge/internal/steps/golangci_lint.go:22.16,24.3 1 1
github.com/pablogore/devforge/internal/steps/golangci_lint.go:25.2,25.12 1 1
github.com/pablogore/devforge/internal/steps/golangci_lint.go:28.13,29.68 1 1
github.com/pablogore/devforge/internal/steps/golangci_lint.go:29.68,29.97 1 0
github.com/pablogore/devforge/internal/steps/goreleaser_check.go:14.66,16.2 1 1
github.com/pablogore/devforge/internal/steps/goreleaser_check.go:19.49,19.86 1 1
github.com/pablogore/devforge/internal/steps/goreleaser_check.go:21.13,22.79 1 1
github.com/pablogore/devforge/internal/steps/goreleaser_check.go:22.79,22.121 1 0
github.com/pablogore/devforge/internal/steps/goreleaser_check.go:23.2,23.71 1 1
github.com/pablogore/devforge/internal/steps/goreleaser_check.go:23.71,23.113 1 0
github.com/pablogore/devforge/internal/steps/goreleaser_check.go:27.71,31.16 3 1
github.com/pablogore/devforge/internal/steps/goreleaser_check.go:31.16,33.3 1 1
github.com/pablogore/devforge/internal/steps/goreleaser_check.go:35.2,36.19 2 1
github.com/pablogore/devforge/internal/steps/goreleaser_check.go:36.19,38.3 1 1
github.com/pablogore/devforge/internal/steps/goreleaser_check.go:40.2,41.12 2 1
github.com/pablogore/devforge/internal/steps/integration_tests.go:12.13,13.72 1 1
github.com/pablogore/devforge/internal/steps/integration_tests.go:13.72,13.105 1 0
github.com/pablogore/devforge/internal/steps/integration_tests.go:21.43,23.2 1 1
github.com/pablogore/devforge/internal/steps/integration_tests.go:26.47,28.83 2 1
github.com/pablogore/devforge/internal/steps/integration_tests.go:28.83,29.21 1 1
github.com/pablogore/devforge/internal/steps/integration_tests.go:29.21,31.4 1 0
github.com/pablogore/devforge/internal/steps/integration_tests.go:32.3,32.19 1 1
github.com/pablogore/devforge/internal/steps/integration_tests.go:32.19,33.70 1 1
github.com/pablogore/devforge/internal/steps/integration_tests.go:33.70,35.5 1 1
github.com/pablogore/devforge/internal/steps/integration_tests.go:36.4,36.14 1 1
github.com/pablogore/devforge/internal/steps/integration_tests.go:38.3,38.34 1 1
github.com/pablogore/devforge/internal/steps/integration_tests.go:38.34,40.4 1 0
github.com/pablogore/devforge/internal/steps/integration_tests.go:42.3,43.17 2 1
github.com/pablogore/devforge/internal/steps/integration_tests.go:43.17,45.4 1 0
github.com/pablogore/devforge/internal/steps/integration_tests.go:46.3,47.112 2 1
github.com/pablogore/devforge/internal/steps/integration_tests.go:47.112,50.4 2 1
github.com/pablogore/devforge/internal/steps/integration_tests.go:51.3,51.13 1 0
github.com/pablogore/devforge/internal/steps/integration_tests.go:53.2,53.14 1 1
github.com/pablogore/devforge/internal/steps/integration_tests.go:60.65,61.42 1 1
github.com/pablogore/devforge/internal/steps/integration_tests.go:61.42,64.3 2 1
github.com/pablogore/devforge/internal/steps/integration_tests.go:65.2,67.74 3 1
github.com/pablogore/devforge/internal/steps/integration_tests.go:67.74,69.3 1 1
github.com/pablogore/devforge/internal/steps/integration_tests.go:70.2,72.16 3 1
github.com/pablogore/devforge/internal/steps/integration_tests.go:72.16,74.3 1 1
github.com/pablogore/devforge/internal/steps/integration_tests.go:75.2,75.12 1 1
github.com/pablogore/devforge/internal/steps/parallel_group.go:15.85,17.2 1 1
github.com/pablogore/devforge/internal/steps/parallel_group.go:20.43,22.2 1 1
github.com/pablogore/devforge/internal/steps/parallel_group.go:25.65,28.31 3 1
github.com/pablogore/devforge/internal/steps/parallel_group.go:28.31,30.21 2 1
github.com/pablogore/devforge/internal/steps/parallel_group.go:30.21,32.4 1 1
github.com/pablogore/devforge/internal/steps/parallel_group.go:34.2,34.17 1 1
github.com/pablogore/devforge/internal/steps/parallel_group.go:44.89,46.2 1 1
github.com/pablogore/devforge/internal/steps/parallel_group.go:49.45,51.2 1 1
github.com/pablogore/devforge/internal/steps/parallel_group.go:54.67,56.31 2 1
github.com/pablogore/devforge/internal/steps/parallel_group.go:56.31,57.39 1 1
github.com/pablogore/devforge/internal/steps/parallel_group.go:57.39,59.4 1 1
github.com/pablogore/devforge/internal/steps/parallel_group.go:61.2,61.12 1 1
github.com/pablogore/devforge/internal/steps/plugin_discovery.go:10.49,12.21 2 1
github.com/pablogore/devforge/internal/steps/plugin_discovery.go:12.21,14.3 1 0
github.com/pablogore/devforge/internal/steps/plugin_discovery.go:15.2,16.29 2 1
github.com/pablogore/devforge/internal/steps/plugin_discovery.go:16.29,18.3 1 1
github.com/pablogore/devforge/internal/steps/plugin_discovery.go:19.2,19.12 1 1
github.com/pablogore/devforge/internal/steps/plugin_discovery.go:22.13,23.42 1 1
github.com/pablogore/devforge/internal/steps/plugin_discovery.go:23.42,25.65 2 0
github.com/pablogore/devforge/internal/steps/plugin_discovery.go:25.65,27.4 1 0
github.com/pablogore/devforge/internal/steps/plugin_step.go:17.54,19.2 1 1
github.com/pablogore/devforge/internal/steps/plugin_step.go:22.36,24.2 1 1
github.com/pablogore/devforge/internal/steps/plugin_step.go:27.58,35.16 6 1
github.com/pablogore/devforge/internal/steps/plugin_step.go:35.16,37.3 1 0
github.com/pablogore/devforge/internal/steps/plugin_step.go:38.2,38.12 1 1
github.com/pablogore/devforge/internal/steps/policy_pack_step.go:9.13,10.66 1 1
github.com/pablogore/devforge/internal/steps/policy_pack_step.go:10.66,10.93 1 0
github.com/pablogore/devforge/internal/steps/policy_pack_step.go:18.37,20.2 1 1
github.com/pablogore/devforge/internal/steps/policy_pack_step.go:24.59,26.16 2 1
github.com/pablogore/devforge/internal/steps/policy_pack_step.go:26.16,28.3 1 0
github.com/pablogore/devforge/internal/steps/policy_pack_step.go:29.2,29.24 1 1
github.com/pablogore/devforge/internal/steps/policy_pack_step.go:29.24,31.3 1 1
github.com/pablogore/devforge/internal/steps/policy_pack_step.go:32.2,40.40 2 1
github.com/pablogore/devforge/internal/steps/pr.go:17.36,17.60 1 1
github.com/pablogore/devforge/internal/steps/pr.go:20.58,23.16 3 1
github.com/pablogore/devforge/internal/steps/pr.go:23.16,25.3 1 1
github.com/pablogore/devforge/internal/steps/pr.go:26.2,26.68 1 1
github.com/pablogore/devforge/internal/steps/pr.go:26.68,28.3 1 1
github.com/pablogore/devforge/internal/steps/pr.go:29.2,29.88 1 1
github.com/pablogore/devforge/internal/steps/pr.go:29.88,30.69 1 1
github.com/pablogore/devforge/internal/steps/pr.go:30.69,32.4 1 0
github.com/pablogore/devforge/internal/steps/pr.go:34.2,34.12 1 1
github.com/pablogore/devforge/internal/steps/pr.go:41.32,41.50 1 1
github.com/pablogore/devforge/internal/steps/pr.go:44.54,47.16 3 1
github.com/pablogore/devforge/internal/steps/pr.go:47.16,49.3 1 0
github.com/pablogore/devforge/internal/steps/pr.go:50.2,50.37 1 1
github.com/pablogore/devforge/internal/steps/pr.go:50.37,52.3 1 1
github.com/pablogore/devforge/internal/steps/pr.go:53.2,53.12 1 1
github.com/pablogore/devforge/internal/steps/pr.go:60.38,60.62 1 1
github.com/pablogore/devforge/internal/steps/pr.go:63.60,66.16 3 1
github.com/pablogore/devforge/internal/steps/pr.go:66.16,67.19 1 1
github.com/pablogore/devforge/internal/steps/pr.go:67.19,69.4 1 1
github.com/pablogore/devforge/internal/steps/pr.go:70.3,70.83 1 1
github.com/pablogore/devforge/internal/steps/pr.go:72.2,72.62 1 1
github.com/pablogore/devforge/internal/steps/pr.go:72.62,74.3 1 0
github.com/pablogore/devforge/internal/steps/pr.go:75.2,76.12 2 1
github.com/pablogore/devforge/internal/steps/pr.go:85.33,85.50 1 1
github.com/pablogore/devforge/internal/steps/pr.go:88.55,90.20 2 1
github.com/pablogore/devforge/internal/steps/pr.go:90.20,92.3 1 1
github.com/pablogore/devforge/internal/steps/pr.go:93.2,93.43 1 1
github.com/pablogore/devforge/internal/steps/pr.go:93.43,95.93 2 1
github.com/pablogore/devforge/internal/steps/pr.go:95.93,97.4 1 1
github.com/pablogore/devforge/internal/steps/pr.go:98.3,99.94 2 1
github.com/pablogore/devforge/internal/steps/pr.go:101.2,103.16 3 1
github.com/pablogore/devforge/internal/steps/pr.go:103.16,105.3 1 0
github.com/pablogore/devforge/internal/steps/pr.go:106.2,106.12 1 1
github.com/pablogore/devforge/internal/steps/pr.go:113.37,113.59 1 1
github.com/pablogore/devforge/internal/steps/pr.go:116.59,119.16 3 1
github.com/pablogore/devforge/internal/steps/pr.go:119.16,121.3 1 1
github.com/pablogore/devforge/internal/steps/pr.go:122.2,122.12 1 1
github.com/pablogore/devforge/internal/steps/pr.go:129.35,129.52 1 1
github.com/pablogore/devforge/internal/steps/pr.go:132.57,134.16 2 1
github.com/pablogore/devforge/internal/steps/pr.go:134.16,136.3 1 1
github.com/pablogore/devforge/internal/steps/pr.go:137.2,138.16 2 1
github.com/pablogore/devforge/internal/steps/pr.go:138.16,140.3 1 0
github.com/pablogore/devforge/internal/steps/pr.go:141.2,141.90 1 1
github.com/pablogore/devforge/internal/steps/pr.go:141.90,143.3 1 1
github.com/pablogore/devforge/internal/steps/pr.go:144.2,145.12 2 1
github.com/pablogore/devforge/internal/steps/pr.go:152.45,152.77 1 1
github.com/pablogore/devforge/internal/steps/pr.go:155.67,157.19 2 1
github.com/pablogore/devforge/internal/steps/pr.go:157.19,159.3 1 1
github.com/pablogore/devforge/internal/steps/pr.go:160.2,160.19 1 1
github.com/pablogore/devforge/internal/steps/pr.go:160.19,162.30 2 1
github.com/pablogore/devforge/internal/steps/pr.go:162.30,164.4 1 1
github.com/pablogore/devforge/internal/steps/pr.go:166.2,166.19 1 1
github.com/pablogore/devforge/internal/steps/pr.go:166.19,168.3 1 1
github.com/pablogore/devforge/internal/steps/pr.go:169.2,169.51 1 1
github.com/pablogore/devforge/internal/steps/pr.go:172.13,173.66 1 1
github.com/pablogore/devforge/internal/steps/pr.go:173.66,173.92 1 0
github.com/pablogore/devforge/internal/steps/pr.go:174.2,174.60 1 1
github.com/pablogore/devforge/internal/steps/pr.go:174.60,174.82 1 0
github.com/pablogore/devforge/internal/steps/pr.go:175.2,175.66 1 1
github.com/pablogore/devforge/internal/steps/pr.go:175.66,175.94 1 0
github.com/pablogore/devforge/internal/steps/pr.go:176.2,176.59 1 1
github.com/pablogore/devforge/internal/steps/pr.go:176.59,176.82 1 0
github.com/pablogore/devforge/internal/steps/pr.go:177.2,177.64 1 1
github.com/pablogore/devforge/internal/steps/pr.go:177.64,177.91 1 0
github.com/pablogore/devforge/internal/steps/pr.go:178.2,178.74 1 1
github.com/pablogore/devforge/internal/steps/pr.go:178.74,178.109 1 0
github.com/pablogore/devforge/internal/steps/pr.go:182.140,184.2 1 1
github.com/pablogore/devforge/internal/steps/pr.go:187.127,195.2 1 1
github.com/pablogore/devforge/internal/steps/pr.go:198.126,209.2 1 1
github.com/pablogore/devforge/internal/steps/pr.go:212.126,224.2 1 1
github.com/pablogore/devforge/internal/steps/pr.go:227.144,229.2 1 1
github.com/pablogore/devforge/internal/steps/pr.go:232.131,240.2 1 1
github.com/pablogore/devforge/internal/steps/pr.go:243.130,254.2 1 1
github.com/pablogore/devforge/internal/steps/pr.go:257.130,270.2 1 1
github.com/pablogore/devforge/internal/steps/release.go:14.40,14.66 1 1
github.com/pablogore/devforge/internal/steps/release.go:17.62,21.16 3 1
github.com/pablogore/devforge/internal/steps/release.go:21.16,23.3 1 1
github.com/pablogore/devforge/internal/steps/release.go:24.2,24.21 1 1
github.com/pablogore/devforge/internal/steps/release.go:24.21,26.3 1 1
github.com/pablogore/devforge/internal/steps/release.go:28.2,29.16 2 1
github.com/pablogore/devforge/internal/steps/release.go:29.16,31.3 1 1
github.com/pablogore/devforge/internal/steps/release.go:32.2,32.22 1 1
github.com/pablogore/devforge/internal/steps/release.go:32.22,34.3 1 1
github.com/pablogore/devforge/internal/steps/release.go:36.2,37.16 2 1
github.com/pablogore/devforge/internal/steps/release.go:37.16,39.3 1 1
github.com/pablogore/devforge/internal/steps/release.go:40.2,40.14 1 1
github.com/pablogore/devforge/internal/steps/release.go:40.14,42.3 1 1
github.com/pablogore/devforge/internal/steps/release.go:44.2,44.12 1 1
github.com/pablogore/devforge/internal/steps/release.go:51.44,51.75 1 1
github.com/pablogore/devforge/internal/steps/release.go:54.66,58.16 3 1
github.com/pablogore/devforge/internal/steps/release.go:58.16,60.3 1 1
github.com/pablogore/devforge/internal/steps/release.go:62.2,63.16 2 1
github.com/pablogore/devforge/internal/steps/release.go:63.16,65.3 1 1
github.com/pablogore/devforge/internal/steps/release.go:67.2,68.16 2 1
github.com/pablogore/devforge/internal/steps/release.go:68.16,69.44 1 1
github.com/pablogore/devforge/internal/steps/release.go:69.44,71.4 1 1
github.com/pablogore/devforge/internal/steps/release.go:72.3,72.58 1 0
github.com/pablogore/devforge/internal/steps/release.go:75.2,78.33 3 1
github.com/pablogore/devforge/internal/steps/release.go:78.33,80.3 1 1
github.com/pablogore/devforge/internal/steps/release.go:82.2,83.16 2 1
github.com/pablogore/devforge/internal/steps/release.go:83.16,85.3 1 0
github.com/pablogore/devforge/internal/steps/release.go:86.2,86.37 1 1
github.com/pablogore/devforge/internal/steps/release.go:86.37,88.3 1 0
github.com/pablogore/devforge/internal/steps/release.go:90.2,91.12 2 1
github.com/pablogore/devforge/internal/steps/release.go:98.38,98.61 1 1
github.com/pablogore/devforge/internal/steps/release.go:101.60,103.68 2 1
github.com/pablogore/devforge/internal/steps/release.go:103.68,105.3 1 1
github.com/pablogore/devforge/internal/steps/release.go:106.2,106.12 1 1
github.com/pablogore/devforge/internal/steps/release.go:113.42,113.65 1 1
github.com/pablogore/devforge/internal/steps/release.go:116.64,120.16 3 1
github.com/pablogore/devforge/internal/steps/release.go:120.16,122.3 1 1
github.com/pablogore/devforge/internal/steps/release.go:124.2,125.16 2 1
github.com/pablogore/devforge/internal/steps/release.go:125.16,127.3 1 1
github.com/pablogore/devforge/internal/steps/release.go:129.2,129.25 1 1
github.com/pablogore/devforge/internal/steps/release.go:129.25,131.3 1 1
github.com/pablogore/devforge/internal/steps/release.go:133.2,133.12 1 1
github.com/pablogore/devforge/internal/steps/release.go:140.37,140.60 1 1
github.com/pablogore/devforge/internal/steps/release.go:143.59,147.16 4 1
github.com/pablogore/devforge/internal/steps/release.go:147.16,149.3 1 1
github.com/pablogore/devforge/internal/steps/release.go:150.2,150.12 1 1
github.com/pablogore/devforge/internal/steps/release.go:153.13,154.68 1 1
github.com/pablogore/devforge/internal/steps/release.go:154.68,154.98 1 0
github.com/pablogore/devforge/internal/steps/release.go:155.2,155.73 1 1
github.com/pablogore/devforge/internal/steps/release.go:155.73,155.107 1 0
github.com/pablogore/devforge/internal/steps/release.go:156.2,156.65 1 1
github.com/pablogore/devforge/internal/steps/release.go:156.65,156.93 1 0
github.com/pablogore/devforge/internal/steps/release.go:157.2,157.65 1 1
github.com/pablogore/devforge/internal/steps/release.go:157.65,157.97 1 0
github.com/pablogore/devforge/internal/steps/release.go:158.2,158.65 1 1
github.com/pablogore/devforge/internal/steps/release.go:158.65,158.92 1 0
github.com/pablogore/devforge/internal/steps/release.go:162.40,171.2 1 1
github.com/pablogore/devforge/internal/steps/run_tool.go:14.96,21.19 5 1
github.com/pablogore/devforge/internal/steps/run_tool.go:21.19,24.3 2 1
github.com/pablogore/devforge/internal/steps/run_tool.go:26.2,26.26 1 1
github.com/pablogore/devforge/internal/steps/run_tool.go:26.26,30.3 3 1
github.com/pablogore/devforge/internal/steps/run_tool.go:32.2,34.20 3 1
github.com/pablogore/devforge/internal/steps/run_tool.go:37.42,39.46 2 1
github.com/pablogore/devforge/internal/steps/run_tool.go:39.46,40.38 1 1
github.com/pablogore/devforge/internal/steps/run_tool.go:40.38,42.4 1 1
github.com/pablogore/devforge/internal/steps/run_tool.go:44.2,44.14 1 1
github.com/pablogore/devforge/internal/steps/timeout_group.go:23.103,25.2 1 1
github.com/pablogore/devforge/internal/steps/timeout_group.go:28.42,30.2 1 1
github.com/pablogore/devforge/internal/steps/timeout_group.go:34.64,43.46 7 1
github.com/pablogore/devforge/internal/steps/timeout_group.go:43.46,45.3 1 1
github.com/pablogore/devforge/internal/steps/timeout_group.go:46.2,46.47 1 1
github.com/pablogore/devforge/internal/steps/timeout_group.go:46.47,48.3 1 0
github.com/pablogore/devforge/internal/steps/timeout_group.go:49.2,49.12 1 1
github.com/pablogore/devforge/internal/adapters/logger/logger.go:15.45,21.2 2 1
github.com/pablogore/devforge/internal/adapters/logger/logger.go:24.49,26.2 1 1
github.com/pablogore/devforge/internal/adapters/logger/logger.go:29.48,31.2 1 1
github.com/pablogore/devforge/internal/adapters/logger/logger.go:34.48,36.2 1 1
github.com/pablogore/devforge/internal/adapters/logger/logger.go:39.49,41.2 1 1
github.com/pablogore/devforge/internal/adapters/logger/logger.go:44.49,46.2 1 1
github.com/pablogore/devforge/internal/adapters/logger/logger.go:49.31,51.2 1 1
github.com/pablogore/devforge/internal/profiles/go_lib.go:24.32,41.2 12 1
github.com/pablogore/devforge/internal/profiles/go_lib.go:43.71,47.14 4 1
github.com/pablogore/devforge/internal/profiles/go_lib.go:48.29,49.56 1 1
github.com/pablogore/devforge/internal/profiles/go_lib.go:50.28,51.55 1 0
github.com/pablogore/devforge/internal/profiles/go_lib.go:52.10,53.55 1 1
github.com/pablogore/devforge/internal/profiles/go_lib.go:58.37,60.2 1 1
github.com/pablogore/devforge/internal/profiles/go_lib.go:63.49,65.2 1 1
github.com/pablogore/devforge/internal/profiles/go_lib.go:68.51,70.2 1 1
github.com/pablogore/devforge/internal/profiles/go_lib.go:73.48,75.2 1 1
github.com/pablogore/devforge/internal/profiles/go_lib.go:78.64,80.2 1 1
github.com/pablogore/devforge/internal/profiles/go_lib.go:83.109,92.17 9 1
github.com/pablogore/devforge/internal/profiles/go_lib.go:92.17,94.3 1 1
github.com/pablogore/devforge/internal/profiles/go_lib.go:95.2,95.87 1 1
github.com/pablogore/devforge/internal/profiles/go_lib.go:98.95,99.46 1 1
github.com/pablogore/devforge/internal/profiles/go_lib.go:99.46,101.3 1 1
github.com/pablogore/devforge/internal/profiles/go_lib.go:102.2,103.40 2 1
github.com/pablogore/devforge/internal/profiles/go_lib.go:103.40,105.20 2 1
github.com/pablogore/devforge/internal/profiles/go_lib.go:105.20,107.4 1 0
github.com/pablogore/devforge/internal/profiles/go_lib.go:108.3,108.83 1 1
github.com/pablogore/devforge/internal/profiles/go_lib.go:110.2,110.12 1 1
github.com/pablogore/devforge/internal/profiles/go_lib.go:114.54,117.16 3 1
github.com/pablogore/devforge/internal/profiles/go_lib.go:117.16,119.3 1 1
github.com/pablogore/devforge/internal/profiles/go_lib.go:120.2,120.28 1 0
github.com/pablogore/devforge/internal/profiles/go_lib.go:124.59,127.2 2 1
github.com/pablogore/devforge/internal/profiles/go_lib.go:130.72,133.2 2 1
github.com/pablogore/devforge/internal/profiles/go_lib.go:135.13,154.2 4 1
github.com/pablogore/devforge/internal/profiles/go_service.go:24.40,41.2 12 1
github.com/pablogore/devforge/internal/profiles/go_service.go:43.75,47.14 4 1
github.com/pablogore/devforge/internal/profiles/go_service.go:48.29,49.60 1 0
github.com/pablogore/devforge/internal/profiles/go_service.go:50.28,51.59 1 1
github.com/pablogore/devforge/internal/profiles/go_service.go:52.10,53.59 1 1
github.com/pablogore/devforge/internal/profiles/go_service.go:58.41,60.2 1 1
github.com/pablogore/devforge/internal/profiles/go_service.go:63.53,65.2 1 1
github.com/pablogore/devforge/internal/profiles/go_service.go:68.55,70.2 1 1
github.com/pablogore/devforge/internal/profiles/go_service.go:73.52,75.2 1 1
github.com/pablogore/devforge/internal/profiles/go_service.go:78.68,80.2 1 1
github.com/pablogore/devforge/internal/profiles/go_service.go:83.113,92.17 9 1
github.com/pablogore/devforge/internal/profiles/go_service.go:92.17,94.3 1 1
github.com/pablogore/devforge/internal/profiles/go_service.go:95.2,95.87 1 1
github.com/pablogore/devforge/internal/profiles/go_service.go:99.58,102.16 3 1
github.com/pablogore/devforge/internal/profiles/go_service.go:102.16,104.3 1 1
github.com/pablogore/devforge/internal/profiles/go_service.go:105.2,105.28 1 0
github.com/pablogore/devforge/internal/profiles/go_service.go:109.76,112.2 2 1
github.com/pablogore/devforge/internal/profiles/go_service.go:114.13,133.2 4 1
github.com/pablogore/devforge/internal/profiles/registry.go:8.26,10.2 1 1
github.com/pablogore/devforge/internal/profiles/registry.go:13.39,16.2 2 1
github.com/pablogore/devforge/internal/profiles/registry.go:19.22,21.26 2 1
github.com/pablogore/devforge/internal/profiles/registry.go:21.26,23.3 1 1
github.com/pablogore/devforge/internal/profiles/registry.go:24.2,25.14 2 1
github.com/pablogore/devforge/internal/profiles/run.go:16.57,34.2 8 1
github.com/pablogore/devforge/internal/mocks/command_runner.go:16.111,19.25 3 0
github.com/pablogore/devforge/internal/mocks/command_runner.go:19.25,21.3 1 0
github.com/pablogore/devforge/internal/mocks/command_runner.go:22.2,23.36 2 0
github.com/pablogore/devforge/internal/mocks/command_runner.go:27.125,30.25 3 0
github.com/pablogore/devforge/internal/mocks/command_runner.go:30.25,32.3 1 0
github.com/pablogore/devforge/internal/mocks/command_runner.go:33.2,34.36 2 0
github.com/pablogore/devforge/internal/mocks/command_runner.go:38.146,41.25 3 0
github.com/pablogore/devforge/internal/mocks/command_runner.go:41.25,43.3 1 0
github.com/pablogore/devforge/internal/mocks/command_runner.go:44.2,45.36 2 0
github.com/pablogore/devforge/internal/mocks/env_provider.go:13.50,15.2 1 0
github.com/pablogore/devforge/internal/mocks/git_client.go:13.70,16.2 2 0
github.com/pablogore/devforge/internal/mocks/git_client.go:19.66,22.2 2 0
github.com/pablogore/devforge/internal/mocks/git_client.go:25.81,27.23 2 0
github.com/pablogore/devforge/internal/mocks/git_client.go:27.23,29.3 1 0
github.com/pablogore/devforge/internal/mocks/git_client.go:30.2,30.44 1 0
github.com/pablogore/devforge/internal/mocks/git_client.go:34.62,36.2 1 0
github.com/pablogore/devforge/internal/mocks/git_client.go:39.70,42.2 2 0
github.com/pablogore/devforge/internal/mocks/git_client.go:45.66,48.2 2 0
github.com/pablogore/devforge/internal/mocks/git_client.go:51.65,54.2 2 0
github.com/pablogore/devforge/internal/mocks/git_client.go:57.69,60.2 2 0
github.com/pablogore/devforge/internal/mocks/git_client.go:63.73,66.26 3 0
github.com/pablogore/devforge/internal/mocks/git_client.go:66.26,68.3 1 0
github.com/pablogore/devforge/internal/mocks/git_client.go:69.2,69.35 1 0
github.com/pablogore/devforge/internal/mocks/git_client.go:73.76,76.2 2 0
github.com/pablogore/devforge/internal/mocks/logger.go:14.53,16.2 1 0
github.com/pablogore/devforge/internal/mocks/logger.go:19.52,21.2 1 0
github.com/pablogore/devforge/internal/mocks/logger.go:24.52,26.2 1 0
github.com/pablogore/devforge/internal/mocks/logger.go:29.53,31.2 1 0
github.com/pablogore/devforge/internal/mocks/logger.go:34.53,36.23 2 0
github.com/pablogore/devforge/internal/mocks/logger.go:36.23,38.3 1 0
github.com/pablogore/devforge/internal/mocks/logger.go:39.2,39.34 1 0
github.com/pablogore/devforge/internal/mocks/logger.go:43.35,45.2 1 0
